Copyright 1986-2020 Xilinx, Inc. All Rights Reserved.
------------------------------------------------------------------------------------
| Tool Version : Vivado v.2020.1 (lin64) Build 2902540 Wed May 27 19:54:35 MDT 2020
| Date         : Thu Mar 25 13:05:31 2021
| Host         : JARVIS running 64-bit Ubuntu 20.04.2 LTS
| Command      : report_timing_summary -file ./report/my_module1_timing_synth.rpt
| Design       : bd_0_wrapper
| Device       : 7a100t-csg324
| Speed File   : -1  PRODUCTION 1.23 2018-06-13
------------------------------------------------------------------------------------

Timing Summary Report

------------------------------------------------------------------------------------------------
| Timer Settings
| --------------
------------------------------------------------------------------------------------------------

  Enable Multi Corner Analysis               :  Yes
  Enable Pessimism Removal                   :  Yes
  Pessimism Removal Resolution               :  Nearest Common Node
  Enable Input Delay Default Clock           :  No
  Enable Preset / Clear Arcs                 :  No
  Disable Flight Delays                      :  No
  Ignore I/O Paths                           :  No
  Timing Early Launch at Borrowing Latches   :  No
  Borrow Time for Max Delay Exceptions       :  Yes
  Merge Timing Exceptions                    :  Yes

  Corner  Analyze    Analyze    
  Name    Max Paths  Min Paths  
  ------  ---------  ---------  
  Slow    Yes        Yes        
  Fast    Yes        Yes        



check_timing report

Table of Contents
-----------------
1. checking no_clock (0)
2. checking constant_clock (0)
3. checking pulse_width_clock (0)
4. checking unconstrained_internal_endpoints (0)
5. checking no_input_delay (12)
6. checking no_output_delay (53)
7. checking multiple_clock (0)
8. checking generated_clocks (0)
9. checking loops (0)
10. checking partial_input_delay (0)
11. checking partial_output_delay (0)
12. checking latch_loops (0)

1. checking no_clock (0)
------------------------
 There are 0 register/latch pins with no clock.


2. checking constant_clock (0)
------------------------------
 There are 0 register/latch pins with constant_clock.


3. checking pulse_width_clock (0)
---------------------------------
 There are 0 register/latch pins which need pulse_width check


4. checking unconstrained_internal_endpoints (0)
------------------------------------------------
 There are 0 pins that are not constrained for maximum delay.

 There are 0 pins that are not constrained for maximum delay due to constant clock.


5. checking no_input_delay (12)
-------------------------------
 There are 12 input ports with no input delay specified. (HIGH)

 There are 0 input ports with no input delay but user has a false path constraint.


6. checking no_output_delay (53)
--------------------------------
 There are 53 ports with no output delay specified. (HIGH)

 There are 0 ports with no output delay but user has a false path constraint

 There are 0 ports with no output delay but with a timing clock defined on it or propagating through it


7. checking multiple_clock (0)
------------------------------
 There are 0 register/latch pins with multiple clocks.


8. checking generated_clocks (0)
--------------------------------
 There are 0 generated clocks that are not connected to a clock source.


9. checking loops (0)
---------------------
 There are 0 combinational loops in the design.


10. checking partial_input_delay (0)
------------------------------------
 There are 0 input ports with partial input delay specified.


11. checking partial_output_delay (0)
-------------------------------------
 There are 0 ports with partial output delay specified.


12. checking latch_loops (0)
----------------------------
 There are 0 combinational latch loops in the design through latch input



------------------------------------------------------------------------------------------------
| Design Timing Summary
| ---------------------
------------------------------------------------------------------------------------------------

    WNS(ns)      TNS(ns)  TNS Failing Endpoints  TNS Total Endpoints      WHS(ns)      THS(ns)  THS Failing Endpoints  THS Total Endpoints     WPWS(ns)     TPWS(ns)  TPWS Failing Endpoints  TPWS Total Endpoints  
    -------      -------  ---------------------  -------------------      -------      -------  ---------------------  -------------------     --------     --------  ----------------------  --------------------  
      2.075        0.000                      0                 3708        0.193        0.000                      0                 3708        3.750        0.000                       0                  1138  


All user specified timing constraints are met.


------------------------------------------------------------------------------------------------
| Clock Summary
| -------------
------------------------------------------------------------------------------------------------

Clock  Waveform(ns)       Period(ns)      Frequency(MHz)
-----  ------------       ----------      --------------
clock  {0.000 5.000}      10.000          100.000         


------------------------------------------------------------------------------------------------
| Intra Clock Table
| -----------------
------------------------------------------------------------------------------------------------

Clock             WNS(ns)      TNS(ns)  TNS Failing Endpoints  TNS Total Endpoints      WHS(ns)      THS(ns)  THS Failing Endpoints  THS Total Endpoints     WPWS(ns)     TPWS(ns)  TPWS Failing Endpoints  TPWS Total Endpoints  
-----             -------      -------  ---------------------  -------------------      -------      -------  ---------------------  -------------------     --------     --------  ----------------------  --------------------  
clock               2.075        0.000                      0                 3708        0.193        0.000                      0                 3708        3.750        0.000                       0                  1138  


------------------------------------------------------------------------------------------------
| Inter Clock Table
| -----------------
------------------------------------------------------------------------------------------------

From Clock    To Clock          WNS(ns)      TNS(ns)  TNS Failing Endpoints  TNS Total Endpoints      WHS(ns)      THS(ns)  THS Failing Endpoints  THS Total Endpoints  
----------    --------          -------      -------  ---------------------  -------------------      -------      -------  ---------------------  -------------------  


------------------------------------------------------------------------------------------------
| Other Path Groups Table
| -----------------------
------------------------------------------------------------------------------------------------

Path Group    From Clock    To Clock          WNS(ns)      TNS(ns)  TNS Failing Endpoints  TNS Total Endpoints      WHS(ns)      THS(ns)  THS Failing Endpoints  THS Total Endpoints  
----------    ----------    --------          -------      -------  ---------------------  -------------------      -------      -------  ---------------------  -------------------  


------------------------------------------------------------------------------------------------
| Timing Details
| --------------
------------------------------------------------------------------------------------------------


---------------------------------------------------------------------------------------------------
From Clock:  clock
  To Clock:  clock

Setup :            0  Failing Endpoints,  Worst Slack        2.075ns,  Total Violation        0.000ns
Hold  :            0  Failing Endpoints,  Worst Slack        0.193ns,  Total Violation        0.000ns
PW    :            0  Failing Endpoints,  Worst Slack        3.750ns,  Total Violation        0.000ns
---------------------------------------------------------------------------------------------------


Max Delay Paths
--------------------------------------------------------------------------------------
Slack (MET) :             2.075ns  (required time - arrival time)
  Source:                 bd_0_i/hls_inst/U0/grp_ModuleCompute_fu_212/grp_ModuleCompute_do_gen_fu_58/val_V_3_reg_196_reg[2]/C
                            (rising edge-triggered cell FDRE clocked by clock  {rise@0.000ns fall@5.000ns period=10.000ns})
  Destination:            bd_0_i/hls_inst/U0/grp_ModuleCompute_fu_212/grp_ModuleCompute_do_gen_fu_58/ModuleCompute_macg8j_U66/ModuleCompute_macg8j_DSP48_3_U/p/C[15]
                            (rising edge-triggered cell DSP48E1 clocked by clock  {rise@0.000ns fall@5.000ns period=10.000ns})
  Path Group:             clock
  Path Type:              Setup (Max at Slow Process Corner)
  Requirement:            10.000ns  (clock rise@10.000ns - clock rise@0.000ns)
  Data Path Delay:        5.965ns  (logic 2.782ns (46.640%)  route 3.183ns (53.360%))
  Logic Levels:           8  (CARRY4=4 LUT3=1 LUT4=1 LUT6=2)
  Clock Path Skew:        -0.049ns (DCD - SCD + CPR)
    Destination Clock Delay (DCD):    0.924ns = ( 10.924 - 10.000 ) 
    Source Clock Delay      (SCD):    0.973ns
    Clock Pessimism Removal (CPR):    0.000ns
  Clock Uncertainty:      0.035ns  ((TSJ^2 + TIJ^2)^1/2 + DJ) / 2 + PE
    Total System Jitter     (TSJ):    0.071ns
    Total Input Jitter      (TIJ):    0.000ns
    Discrete Jitter          (DJ):    0.000ns
    Phase Error              (PE):    0.000ns

    Location             Delay type                Incr(ns)  Path(ns)    Netlist Resource(s)
  -------------------------------------------------------------------    -------------------
                         (clock clock rise edge)      0.000     0.000 r  
                                                      0.000     0.000 r  clock (IN)
                         net (fo=1138, unset)         0.973     0.973    bd_0_i/hls_inst/U0/grp_ModuleCompute_fu_212/grp_ModuleCompute_do_gen_fu_58/clock
                         FDRE                                         r  bd_0_i/hls_inst/U0/grp_ModuleCompute_fu_212/grp_ModuleCompute_do_gen_fu_58/val_V_3_reg_196_reg[2]/C
  -------------------------------------------------------------------    -------------------
                         FDRE (Prop_fdre_C_Q)         0.478     1.451 r  bd_0_i/hls_inst/U0/grp_ModuleCompute_fu_212/grp_ModuleCompute_do_gen_fu_58/val_V_3_reg_196_reg[2]/Q
                         net (fo=22, unplaced)        1.027     2.478    bd_0_i/hls_inst/U0/grp_ModuleCompute_fu_212/grp_ModuleCompute_do_gen_fu_58/val_V_3_reg_196[2]
                         LUT6 (Prop_lut6_I0_O)        0.295     2.773 r  bd_0_i/hls_inst/U0/grp_ModuleCompute_fu_212/grp_ModuleCompute_do_gen_fu_58/p_i_72/O
                         net (fo=2, unplaced)         0.430     3.203    bd_0_i/hls_inst/U0/grp_ModuleCompute_fu_212/grp_ModuleCompute_do_gen_fu_58/p_i_72_n_8
                         LUT6 (Prop_lut6_I0_O)        0.124     3.327 r  bd_0_i/hls_inst/U0/grp_ModuleCompute_fu_212/grp_ModuleCompute_do_gen_fu_58/p_i_76/O
                         net (fo=1, unplaced)         0.000     3.327    bd_0_i/hls_inst/U0/grp_ModuleCompute_fu_212/grp_ModuleCompute_do_gen_fu_58/p_i_76_n_8
                         CARRY4 (Prop_carry4_S[1]_O[2])
                                                      0.578     3.905 r  bd_0_i/hls_inst/U0/grp_ModuleCompute_fu_212/grp_ModuleCompute_do_gen_fu_58/p_i_41/O[2]
                         net (fo=2, unplaced)         0.463     4.368    bd_0_i/hls_inst/U0/grp_ModuleCompute_fu_212/grp_ModuleCompute_do_gen_fu_58/p_i_41_n_13
                         LUT3 (Prop_lut3_I2_O)        0.301     4.669 r  bd_0_i/hls_inst/U0/grp_ModuleCompute_fu_212/grp_ModuleCompute_do_gen_fu_58/p_i_17/O
                         net (fo=2, unplaced)         0.460     5.129    bd_0_i/hls_inst/U0/grp_ModuleCompute_fu_212/grp_ModuleCompute_do_gen_fu_58/p_i_17_n_8
                         LUT4 (Prop_lut4_I3_O)        0.124     5.253 r  bd_0_i/hls_inst/U0/grp_ModuleCompute_fu_212/grp_ModuleCompute_do_gen_fu_58/p_i_21/O
                         net (fo=1, unplaced)         0.000     5.253    bd_0_i/hls_inst/U0/grp_ModuleCompute_fu_212/grp_ModuleCompute_do_gen_fu_58/p_i_21_n_8
                         CARRY4 (Prop_carry4_S[1]_CO[3])
                                                      0.533     5.786 r  bd_0_i/hls_inst/U0/grp_ModuleCompute_fu_212/grp_ModuleCompute_do_gen_fu_58/p_i_4/CO[3]
                         net (fo=1, unplaced)         0.000     5.786    bd_0_i/hls_inst/U0/grp_ModuleCompute_fu_212/grp_ModuleCompute_do_gen_fu_58/p_i_4_n_8
                         CARRY4 (Prop_carry4_CI_CO[3])
                                                      0.117     5.903 r  bd_0_i/hls_inst/U0/grp_ModuleCompute_fu_212/grp_ModuleCompute_do_gen_fu_58/p_i_3/CO[3]
                         net (fo=1, unplaced)         0.000     5.903    bd_0_i/hls_inst/U0/grp_ModuleCompute_fu_212/grp_ModuleCompute_do_gen_fu_58/p_i_3_n_8
                         CARRY4 (Prop_carry4_CI_O[0])
                                                      0.232     6.135 r  bd_0_i/hls_inst/U0/grp_ModuleCompute_fu_212/grp_ModuleCompute_do_gen_fu_58/p_i_2/O[0]
                         net (fo=33, unplaced)        0.803     6.938    bd_0_i/hls_inst/U0/grp_ModuleCompute_fu_212/grp_ModuleCompute_do_gen_fu_58/ModuleCompute_macg8j_U66/ModuleCompute_macg8j_DSP48_3_U/C[14]
                         DSP48E1                                      r  bd_0_i/hls_inst/U0/grp_ModuleCompute_fu_212/grp_ModuleCompute_do_gen_fu_58/ModuleCompute_macg8j_U66/ModuleCompute_macg8j_DSP48_3_U/p/C[15]
  -------------------------------------------------------------------    -------------------

                         (clock clock rise edge)     10.000    10.000 r  
                                                      0.000    10.000 r  clock (IN)
                         net (fo=1138, unset)         0.924    10.924    bd_0_i/hls_inst/U0/grp_ModuleCompute_fu_212/grp_ModuleCompute_do_gen_fu_58/ModuleCompute_macg8j_U66/ModuleCompute_macg8j_DSP48_3_U/clock
                         DSP48E1                                      r  bd_0_i/hls_inst/U0/grp_ModuleCompute_fu_212/grp_ModuleCompute_do_gen_fu_58/ModuleCompute_macg8j_U66/ModuleCompute_macg8j_DSP48_3_U/p/CLK
                         clock pessimism              0.000    10.924    
                         clock uncertainty           -0.035    10.889    
                         DSP48E1 (Setup_dsp48e1_CLK_C[15])
                                                     -1.876     9.013    bd_0_i/hls_inst/U0/grp_ModuleCompute_fu_212/grp_ModuleCompute_do_gen_fu_58/ModuleCompute_macg8j_U66/ModuleCompute_macg8j_DSP48_3_U/p
  -------------------------------------------------------------------
                         required time                          9.013    
                         arrival time                          -6.938    
  -------------------------------------------------------------------
                         slack                                  2.075    





Min Delay Paths
--------------------------------------------------------------------------------------
Slack (MET) :             0.193ns  (arrival time - required time)
  Source:                 bd_0_i/hls_inst/U0/grp_Detecteur1_fu_226/detect_1_fifo_U/U_fifo_w1_d1024_A_shiftReg/SRL_SIG_reg[1023][0]_srl32__9/CLK
                            (rising edge-triggered cell SRLC32E clocked by clock  {rise@0.000ns fall@5.000ns period=10.000ns})
  Destination:            bd_0_i/hls_inst/U0/grp_Detecteur1_fu_226/detect_1_fifo_U/U_fifo_w1_d1024_A_shiftReg/SRL_SIG_reg[1023][0]_srl32__10/D
                            (rising edge-triggered cell SRLC32E clocked by clock  {rise@0.000ns fall@5.000ns period=10.000ns})
  Path Group:             clock
  Path Type:              Hold (Min at Fast Process Corner)
  Requirement:            0.000ns  (clock rise@0.000ns - clock rise@0.000ns)
  Data Path Delay:        0.332ns  (logic 0.332ns (100.000%)  route 0.000ns (0.000%))
  Logic Levels:           0  
  Clock Path Skew:        0.022ns (DCD - SCD - CPR)
    Destination Clock Delay (DCD):    0.432ns
    Source Clock Delay      (SCD):    0.410ns
    Clock Pessimism Removal (CPR):    -0.000ns

    Location             Delay type                Incr(ns)  Path(ns)    Netlist Resource(s)
  -------------------------------------------------------------------    -------------------
                         (clock clock rise edge)      0.000     0.000 r  
                                                      0.000     0.000 r  clock (IN)
                         net (fo=1138, unset)         0.410     0.410    bd_0_i/hls_inst/U0/grp_Detecteur1_fu_226/detect_1_fifo_U/U_fifo_w1_d1024_A_shiftReg/clock
                         SRLC32E                                      r  bd_0_i/hls_inst/U0/grp_Detecteur1_fu_226/detect_1_fifo_U/U_fifo_w1_d1024_A_shiftReg/SRL_SIG_reg[1023][0]_srl32__9/CLK
  -------------------------------------------------------------------    -------------------
                         SRLC32E (Prop_srlc32e_CLK_Q31)
                                                      0.332     0.742 r  bd_0_i/hls_inst/U0/grp_Detecteur1_fu_226/detect_1_fifo_U/U_fifo_w1_d1024_A_shiftReg/SRL_SIG_reg[1023][0]_srl32__9/Q31
                         net (fo=1, unplaced)         0.000     0.742    bd_0_i/hls_inst/U0/grp_Detecteur1_fu_226/detect_1_fifo_U/U_fifo_w1_d1024_A_shiftReg/SRL_SIG_reg[1023][0]_srl32__9_n_9
                         SRLC32E                                      r  bd_0_i/hls_inst/U0/grp_Detecteur1_fu_226/detect_1_fifo_U/U_fifo_w1_d1024_A_shiftReg/SRL_SIG_reg[1023][0]_srl32__10/D
  -------------------------------------------------------------------    -------------------

                         (clock clock rise edge)      0.000     0.000 r  
                                                      0.000     0.000 r  clock (IN)
                         net (fo=1138, unset)         0.432     0.432    bd_0_i/hls_inst/U0/grp_Detecteur1_fu_226/detect_1_fifo_U/U_fifo_w1_d1024_A_shiftReg/clock
                         SRLC32E                                      r  bd_0_i/hls_inst/U0/grp_Detecteur1_fu_226/detect_1_fifo_U/U_fifo_w1_d1024_A_shiftReg/SRL_SIG_reg[1023][0]_srl32__10/CLK
                         clock pessimism              0.000     0.432    
                         SRLC32E (Hold_srlc32e_CLK_D)
                                                      0.117     0.549    bd_0_i/hls_inst/U0/grp_Detecteur1_fu_226/detect_1_fifo_U/U_fifo_w1_d1024_A_shiftReg/SRL_SIG_reg[1023][0]_srl32__10
  -------------------------------------------------------------------
                         required time                         -0.549    
                         arrival time                           0.742    
  -------------------------------------------------------------------
                         slack                                  0.193    





Pulse Width Checks
--------------------------------------------------------------------------------------
Clock Name:         clock
Waveform(ns):       { 0.000 5.000 }
Period(ns):         10.000
Sources:            { clock }

Check Type        Corner  Lib Pin      Reference Pin  Required(ns)  Actual(ns)  Slack(ns)  Location  Pin
Min Period        n/a     DSP48E1/CLK  n/a            3.884         10.000      6.116                bd_0_i/hls_inst/U0/grp_Detecteur1_fu_226/grp_Seuil_calc1_fu_100/grp_Seuil_calc1_do_gen_fu_56/Seuil_calc1_mac_mdEe_U25/Seuil_calc1_mac_mdEe_DSP48_0_U/p/CLK
Low Pulse Width   Fast    RAMS32/CLK   n/a            1.250         5.000       3.750                bd_0_i/hls_inst/U0/grp_CRCCheck_fu_320/grp_CRCCheck_do_gen_fu_56/ibuffer_V_U/CRCCheck_do_gen_ibkb_ram_U/ram_reg_0_15_0_0/SP/CLK
High Pulse Width  Slow    RAMS32/CLK   n/a            1.250         5.000       3.750                bd_0_i/hls_inst/U0/grp_CRCCheck_fu_320/grp_CRCCheck_do_gen_fu_56/ibuffer_V_U/CRCCheck_do_gen_ibkb_ram_U/ram_reg_0_15_0_0/SP/CLK



