Copyright 1986-2020 Xilinx, Inc. All Rights Reserved.
------------------------------------------------------------------------------------
| Tool Version : Vivado v.2020.1 (lin64) Build 2902540 Wed May 27 19:54:35 MDT 2020
| Date         : Thu Mar 25 13:07:02 2021
| Host         : JARVIS running 64-bit Ubuntu 20.04.2 LTS
| Command      : report_timing_summary -file ./report/my_module1_timing_routed.rpt
| Design       : bd_0_wrapper
| Device       : 7a100t-csg324
| Speed File   : -1  PRODUCTION 1.23 2018-06-13
------------------------------------------------------------------------------------

Timing Summary Report

------------------------------------------------------------------------------------------------
| Timer Settings
| --------------
------------------------------------------------------------------------------------------------

  Enable Multi Corner Analysis               :  Yes
  Enable Pessimism Removal                   :  Yes
  Pessimism Removal Resolution               :  Nearest Common Node
  Enable Input Delay Default Clock           :  No
  Enable Preset / Clear Arcs                 :  No
  Disable Flight Delays                      :  No
  Ignore I/O Paths                           :  No
  Timing Early Launch at Borrowing Latches   :  No
  Borrow Time for Max Delay Exceptions       :  Yes
  Merge Timing Exceptions                    :  Yes

  Corner  Analyze    Analyze    
  Name    Max Paths  Min Paths  
  ------  ---------  ---------  
  Slow    Yes        Yes        
  Fast    Yes        Yes        



check_timing report

Table of Contents
-----------------
1. checking no_clock (0)
2. checking constant_clock (0)
3. checking pulse_width_clock (0)
4. checking unconstrained_internal_endpoints (0)
5. checking no_input_delay (12)
6. checking no_output_delay (53)
7. checking multiple_clock (0)
8. checking generated_clocks (0)
9. checking loops (0)
10. checking partial_input_delay (0)
11. checking partial_output_delay (0)
12. checking latch_loops (0)

1. checking no_clock (0)
------------------------
 There are 0 register/latch pins with no clock.


2. checking constant_clock (0)
------------------------------
 There are 0 register/latch pins with constant_clock.


3. checking pulse_width_clock (0)
---------------------------------
 There are 0 register/latch pins which need pulse_width check


4. checking unconstrained_internal_endpoints (0)
------------------------------------------------
 There are 0 pins that are not constrained for maximum delay.

 There are 0 pins that are not constrained for maximum delay due to constant clock.


5. checking no_input_delay (12)
-------------------------------
 There are 12 input ports with no input delay specified. (HIGH)

 There are 0 input ports with no input delay but user has a false path constraint.


6. checking no_output_delay (53)
--------------------------------
 There are 53 ports with no output delay specified. (HIGH)

 There are 0 ports with no output delay but user has a false path constraint

 There are 0 ports with no output delay but with a timing clock defined on it or propagating through it


7. checking multiple_clock (0)
------------------------------
 There are 0 register/latch pins with multiple clocks.


8. checking generated_clocks (0)
--------------------------------
 There are 0 generated clocks that are not connected to a clock source.


9. checking loops (0)
---------------------
 There are 0 combinational loops in the design.


10. checking partial_input_delay (0)
------------------------------------
 There are 0 input ports with partial input delay specified.


11. checking partial_output_delay (0)
-------------------------------------
 There are 0 ports with partial output delay specified.


12. checking latch_loops (0)
----------------------------
 There are 0 combinational latch loops in the design through latch input



------------------------------------------------------------------------------------------------
| Design Timing Summary
| ---------------------
------------------------------------------------------------------------------------------------

    WNS(ns)      TNS(ns)  TNS Failing Endpoints  TNS Total Endpoints      WHS(ns)      THS(ns)  THS Failing Endpoints  THS Total Endpoints     WPWS(ns)     TPWS(ns)  TPWS Failing Endpoints  TPWS Total Endpoints  
    -------      -------  ---------------------  -------------------      -------      -------  ---------------------  -------------------     --------     --------  ----------------------  --------------------  
      0.939        0.000                      0                 3705        0.055        0.000                      0                 3705        3.750        0.000                       0                  1138  


All user specified timing constraints are met.


------------------------------------------------------------------------------------------------
| Clock Summary
| -------------
------------------------------------------------------------------------------------------------

Clock  Waveform(ns)       Period(ns)      Frequency(MHz)
-----  ------------       ----------      --------------
clock  {0.000 5.000}      10.000          100.000         


------------------------------------------------------------------------------------------------
| Intra Clock Table
| -----------------
------------------------------------------------------------------------------------------------

Clock             WNS(ns)      TNS(ns)  TNS Failing Endpoints  TNS Total Endpoints      WHS(ns)      THS(ns)  THS Failing Endpoints  THS Total Endpoints     WPWS(ns)     TPWS(ns)  TPWS Failing Endpoints  TPWS Total Endpoints  
-----             -------      -------  ---------------------  -------------------      -------      -------  ---------------------  -------------------     --------     --------  ----------------------  --------------------  
clock               0.939        0.000                      0                 3705        0.055        0.000                      0                 3705        3.750        0.000                       0                  1138  


------------------------------------------------------------------------------------------------
| Inter Clock Table
| -----------------
------------------------------------------------------------------------------------------------

From Clock    To Clock          WNS(ns)      TNS(ns)  TNS Failing Endpoints  TNS Total Endpoints      WHS(ns)      THS(ns)  THS Failing Endpoints  THS Total Endpoints  
----------    --------          -------      -------  ---------------------  -------------------      -------      -------  ---------------------  -------------------  


------------------------------------------------------------------------------------------------
| Other Path Groups Table
| -----------------------
------------------------------------------------------------------------------------------------

Path Group    From Clock    To Clock          WNS(ns)      TNS(ns)  TNS Failing Endpoints  TNS Total Endpoints      WHS(ns)      THS(ns)  THS Failing Endpoints  THS Total Endpoints  
----------    ----------    --------          -------      -------  ---------------------  -------------------      -------      -------  ---------------------  -------------------  


------------------------------------------------------------------------------------------------
| Timing Details
| --------------
------------------------------------------------------------------------------------------------


---------------------------------------------------------------------------------------------------
From Clock:  clock
  To Clock:  clock

Setup :            0  Failing Endpoints,  Worst Slack        0.939ns,  Total Violation        0.000ns
Hold  :            0  Failing Endpoints,  Worst Slack        0.055ns,  Total Violation        0.000ns
PW    :            0  Failing Endpoints,  Worst Slack        3.750ns,  Total Violation        0.000ns
---------------------------------------------------------------------------------------------------


Max Delay Paths
--------------------------------------------------------------------------------------
Slack (MET) :             0.939ns  (required time - arrival time)
  Source:                 bd_0_i/hls_inst/U0/grp_Detecteur1_fu_226/grp_Seuil_calc1_fu_100/grp_Seuil_calc1_do_gen_fu_56/buffer_19_V_fu_148_reg[0]/C
                            (rising edge-triggered cell FDRE clocked by clock  {rise@0.000ns fall@5.000ns period=10.000ns})
  Destination:            bd_0_i/hls_inst/U0/grp_Detecteur1_fu_226/grp_Seuil_calc1_fu_100/grp_Seuil_calc1_do_gen_fu_56/ret_V_reg_1506_reg/B[9]
                            (rising edge-triggered cell DSP48E1 clocked by clock  {rise@0.000ns fall@5.000ns period=10.000ns})
  Path Group:             clock
  Path Type:              Setup (Max at Slow Process Corner)
  Requirement:            10.000ns  (clock rise@10.000ns - clock rise@0.000ns)
  Data Path Delay:        8.348ns  (logic 3.152ns (37.758%)  route 5.196ns (62.242%))
  Logic Levels:           7  (CARRY4=3 LUT3=2 LUT4=1 LUT5=1)
  Clock Path Skew:        -0.049ns (DCD - SCD + CPR)
    Destination Clock Delay (DCD):    0.924ns = ( 10.924 - 10.000 ) 
    Source Clock Delay      (SCD):    0.973ns
    Clock Pessimism Removal (CPR):    0.000ns
  Clock Uncertainty:      0.035ns  ((TSJ^2 + TIJ^2)^1/2 + DJ) / 2 + PE
    Total System Jitter     (TSJ):    0.071ns
    Total Input Jitter      (TIJ):    0.000ns
    Discrete Jitter          (DJ):    0.000ns
    Phase Error              (PE):    0.000ns

    Location             Delay type                Incr(ns)  Path(ns)    Netlist Resource(s)
  -------------------------------------------------------------------    -------------------
                         (clock clock rise edge)      0.000     0.000 r  
                                                      0.000     0.000 r  clock (IN)
                         net (fo=1138, unset)         0.973     0.973    bd_0_i/hls_inst/U0/grp_Detecteur1_fu_226/grp_Seuil_calc1_fu_100/grp_Seuil_calc1_do_gen_fu_56/clock
    SLICE_X30Y104        FDRE                                         r  bd_0_i/hls_inst/U0/grp_Detecteur1_fu_226/grp_Seuil_calc1_fu_100/grp_Seuil_calc1_do_gen_fu_56/buffer_19_V_fu_148_reg[0]/C
  -------------------------------------------------------------------    -------------------
    SLICE_X30Y104        FDRE (Prop_fdre_C_Q)         0.518     1.491 r  bd_0_i/hls_inst/U0/grp_Detecteur1_fu_226/grp_Seuil_calc1_fu_100/grp_Seuil_calc1_do_gen_fu_56/buffer_19_V_fu_148_reg[0]/Q
                         net (fo=5, routed)           0.980     2.471    bd_0_i/hls_inst/U0/grp_Detecteur1_fu_226/grp_Seuil_calc1_fu_100/grp_Seuil_calc1_do_gen_fu_56/buffer_19_V_fu_148_reg_n_8_[0]
    SLICE_X44Y104        LUT3 (Prop_lut3_I0_O)        0.150     2.621 r  bd_0_i/hls_inst/U0/grp_Detecteur1_fu_226/grp_Seuil_calc1_fu_100/grp_Seuil_calc1_do_gen_fu_56/ret_V_reg_1506_reg_i_64/O
                         net (fo=2, routed)           0.484     3.105    bd_0_i/hls_inst/U0/grp_Detecteur1_fu_226/grp_Seuil_calc1_fu_100/grp_Seuil_calc1_do_gen_fu_56/ret_V_reg_1506_reg_i_64_n_8
    SLICE_X44Y104        LUT4 (Prop_lut4_I3_O)        0.326     3.431 r  bd_0_i/hls_inst/U0/grp_Detecteur1_fu_226/grp_Seuil_calc1_fu_100/grp_Seuil_calc1_do_gen_fu_56/ret_V_reg_1506_reg_i_67/O
                         net (fo=1, routed)           0.000     3.431    bd_0_i/hls_inst/U0/grp_Detecteur1_fu_226/grp_Seuil_calc1_fu_100/grp_Seuil_calc1_do_gen_fu_56/ret_V_reg_1506_reg_i_67_n_8
    SLICE_X44Y104        CARRY4 (Prop_carry4_S[1]_O[3])
                                                      0.640     4.071 r  bd_0_i/hls_inst/U0/grp_Detecteur1_fu_226/grp_Seuil_calc1_fu_100/grp_Seuil_calc1_do_gen_fu_56/ret_V_reg_1506_reg_i_34/O[3]
                         net (fo=3, routed)           0.720     4.790    bd_0_i/hls_inst/U0/grp_Detecteur1_fu_226/grp_Seuil_calc1_fu_100/grp_Seuil_calc1_do_gen_fu_56/ret_V_reg_1506_reg_i_34_n_12
    SLICE_X45Y107        LUT3 (Prop_lut3_I1_O)        0.306     5.096 r  bd_0_i/hls_inst/U0/grp_Detecteur1_fu_226/grp_Seuil_calc1_fu_100/grp_Seuil_calc1_do_gen_fu_56/ret_V_reg_1506_reg_i_35/O
                         net (fo=2, routed)           0.835     5.932    bd_0_i/hls_inst/U0/grp_Detecteur1_fu_226/grp_Seuil_calc1_fu_100/grp_Seuil_calc1_do_gen_fu_56/ret_V_reg_1506_reg_i_35_n_8
    SLICE_X46Y104        LUT5 (Prop_lut5_I1_O)        0.148     6.080 r  bd_0_i/hls_inst/U0/grp_Detecteur1_fu_226/grp_Seuil_calc1_fu_100/grp_Seuil_calc1_do_gen_fu_56/ret_V_reg_1506_reg_i_12/O
                         net (fo=2, routed)           0.766     6.846    bd_0_i/hls_inst/U0/grp_Detecteur1_fu_226/grp_Seuil_calc1_fu_100/grp_Seuil_calc1_do_gen_fu_56/ret_V_reg_1506_reg_i_12_n_8
    SLICE_X45Y105        CARRY4 (Prop_carry4_DI[0]_CO[3])
                                                      0.730     7.576 r  bd_0_i/hls_inst/U0/grp_Detecteur1_fu_226/grp_Seuil_calc1_fu_100/grp_Seuil_calc1_do_gen_fu_56/ret_V_reg_1506_reg_i_2/CO[3]
                         net (fo=1, routed)           0.000     7.576    bd_0_i/hls_inst/U0/grp_Detecteur1_fu_226/grp_Seuil_calc1_fu_100/grp_Seuil_calc1_do_gen_fu_56/ret_V_reg_1506_reg_i_2_n_8
    SLICE_X45Y106        CARRY4 (Prop_carry4_CI_O[1])
                                                      0.334     7.910 r  bd_0_i/hls_inst/U0/grp_Detecteur1_fu_226/grp_Seuil_calc1_fu_100/grp_Seuil_calc1_do_gen_fu_56/ret_V_reg_1506_reg_i_1/O[1]
                         net (fo=2, routed)           1.411     9.321    bd_0_i/hls_inst/U0/grp_Detecteur1_fu_226/grp_Seuil_calc1_fu_100/grp_Seuil_calc1_do_gen_fu_56/ps_V_fu_394_p2[9]
    DSP48_X0Y47          DSP48E1                                      r  bd_0_i/hls_inst/U0/grp_Detecteur1_fu_226/grp_Seuil_calc1_fu_100/grp_Seuil_calc1_do_gen_fu_56/ret_V_reg_1506_reg/B[9]
  -------------------------------------------------------------------    -------------------

                         (clock clock rise edge)     10.000    10.000 r  
                                                      0.000    10.000 r  clock (IN)
                         net (fo=1138, unset)         0.924    10.924    bd_0_i/hls_inst/U0/grp_Detecteur1_fu_226/grp_Seuil_calc1_fu_100/grp_Seuil_calc1_do_gen_fu_56/clock
    DSP48_X0Y47          DSP48E1                                      r  bd_0_i/hls_inst/U0/grp_Detecteur1_fu_226/grp_Seuil_calc1_fu_100/grp_Seuil_calc1_do_gen_fu_56/ret_V_reg_1506_reg/CLK
                         clock pessimism              0.000    10.924    
                         clock uncertainty           -0.035    10.889    
    DSP48_X0Y47          DSP48E1 (Setup_dsp48e1_CLK_B[9])
                                                     -0.629    10.260    bd_0_i/hls_inst/U0/grp_Detecteur1_fu_226/grp_Seuil_calc1_fu_100/grp_Seuil_calc1_do_gen_fu_56/ret_V_reg_1506_reg
  -------------------------------------------------------------------
                         required time                         10.260    
                         arrival time                          -9.321    
  -------------------------------------------------------------------
                         slack                                  0.939    





Min Delay Paths
--------------------------------------------------------------------------------------
Slack (MET) :             0.055ns  (arrival time - required time)
  Source:                 bd_0_i/hls_inst/U0/grp_DownSampling_fu_278/grp_DownSampling_do_gen_fu_56/trunc_ln_reg_97_reg[7]/C
                            (rising edge-triggered cell FDRE clocked by clock  {rise@0.000ns fall@5.000ns period=10.000ns})
  Destination:            bd_0_i/hls_inst/U0/dow2bit_1_fifo_U/U_fifo_w8_d32_A_shiftReg/SRL_SIG_reg[31][7]_srl32/D
                            (rising edge-triggered cell SRLC32E clocked by clock  {rise@0.000ns fall@5.000ns period=10.000ns})
  Path Group:             clock
  Path Type:              Hold (Min at Fast Process Corner)
  Requirement:            0.000ns  (clock rise@0.000ns - clock rise@0.000ns)
  Data Path Delay:        0.260ns  (logic 0.141ns (54.227%)  route 0.119ns (45.772%))
  Logic Levels:           0  
  Clock Path Skew:        0.022ns (DCD - SCD - CPR)
    Destination Clock Delay (DCD):    0.432ns
    Source Clock Delay      (SCD):    0.410ns
    Clock Pessimism Removal (CPR):    -0.000ns

    Location             Delay type                Incr(ns)  Path(ns)    Netlist Resource(s)
  -------------------------------------------------------------------    -------------------
                         (clock clock rise edge)      0.000     0.000 r  
                                                      0.000     0.000 r  clock (IN)
                         net (fo=1138, unset)         0.410     0.410    bd_0_i/hls_inst/U0/grp_DownSampling_fu_278/grp_DownSampling_do_gen_fu_56/clock
    SLICE_X4Y87          FDRE                                         r  bd_0_i/hls_inst/U0/grp_DownSampling_fu_278/grp_DownSampling_do_gen_fu_56/trunc_ln_reg_97_reg[7]/C
  -------------------------------------------------------------------    -------------------
    SLICE_X4Y87          FDRE (Prop_fdre_C_Q)         0.141     0.551 r  bd_0_i/hls_inst/U0/grp_DownSampling_fu_278/grp_DownSampling_do_gen_fu_56/trunc_ln_reg_97_reg[7]/Q
                         net (fo=1, routed)           0.119     0.670    bd_0_i/hls_inst/U0/dow2bit_1_fifo_U/U_fifo_w8_d32_A_shiftReg/val_V_reg_70_reg[7]_0[7]
    SLICE_X2Y86          SRLC32E                                      r  bd_0_i/hls_inst/U0/dow2bit_1_fifo_U/U_fifo_w8_d32_A_shiftReg/SRL_SIG_reg[31][7]_srl32/D
  -------------------------------------------------------------------    -------------------

                         (clock clock rise edge)      0.000     0.000 r  
                                                      0.000     0.000 r  clock (IN)
                         net (fo=1138, unset)         0.432     0.432    bd_0_i/hls_inst/U0/dow2bit_1_fifo_U/U_fifo_w8_d32_A_shiftReg/clock
    SLICE_X2Y86          SRLC32E                                      r  bd_0_i/hls_inst/U0/dow2bit_1_fifo_U/U_fifo_w8_d32_A_shiftReg/SRL_SIG_reg[31][7]_srl32/CLK
                         clock pessimism              0.000     0.432    
    SLICE_X2Y86          SRLC32E (Hold_srlc32e_CLK_D)
                                                      0.183     0.615    bd_0_i/hls_inst/U0/dow2bit_1_fifo_U/U_fifo_w8_d32_A_shiftReg/SRL_SIG_reg[31][7]_srl32
  -------------------------------------------------------------------
                         required time                         -0.615    
                         arrival time                           0.670    
  -------------------------------------------------------------------
                         slack                                  0.055    





Pulse Width Checks
--------------------------------------------------------------------------------------
Clock Name:         clock
Waveform(ns):       { 0.000 5.000 }
Period(ns):         10.000
Sources:            { clock }

Check Type        Corner  Lib Pin      Reference Pin  Required(ns)  Actual(ns)  Slack(ns)  Location      Pin
Min Period        n/a     DSP48E1/CLK  n/a            3.884         10.000      6.116      DSP48_X1Y43   bd_0_i/hls_inst/U0/grp_Detecteur1_fu_226/grp_Seuil_calc1_fu_100/grp_Seuil_calc1_do_gen_fu_56/Seuil_calc1_mac_mdEe_U25/Seuil_calc1_mac_mdEe_DSP48_0_U/p/CLK
Low Pulse Width   Fast    RAMS32/CLK   n/a            1.250         5.000       3.750      SLICE_X10Y68  bd_0_i/hls_inst/U0/grp_CRCCheck_fu_320/grp_CRCCheck_do_gen_fu_56/ibuffer_V_U/CRCCheck_do_gen_ibkb_ram_U/ram_reg_0_15_0_0/SP/CLK
High Pulse Width  Slow    RAMS32/CLK   n/a            1.250         5.000       3.750      SLICE_X10Y68  bd_0_i/hls_inst/U0/grp_CRCCheck_fu_320/grp_CRCCheck_do_gen_fu_56/ibuffer_V_U/CRCCheck_do_gen_ibkb_ram_U/ram_reg_0_15_0_0/SP/CLK



