Copyright 1986-2020 Xilinx, Inc. All Rights Reserved.
------------------------------------------------------------------------------------
| Tool Version : Vivado v.2020.1 (lin64) Build 2902540 Wed May 27 19:54:35 MDT 2020
| Date         : Thu Mar 25 13:39:46 2021
| Host         : JARVIS running 64-bit Ubuntu 20.04.2 LTS
| Command      : report_timing_summary -file ./report/my_module_timing_routed.rpt
| Design       : bd_0_wrapper
| Device       : 7a100t-csg324
| Speed File   : -1  PRODUCTION 1.23 2018-06-13
------------------------------------------------------------------------------------

Timing Summary Report

------------------------------------------------------------------------------------------------
| Timer Settings
| --------------
------------------------------------------------------------------------------------------------

  Enable Multi Corner Analysis               :  Yes
  Enable Pessimism Removal                   :  Yes
  Pessimism Removal Resolution               :  Nearest Common Node
  Enable Input Delay Default Clock           :  No
  Enable Preset / Clear Arcs                 :  No
  Disable Flight Delays                      :  No
  Ignore I/O Paths                           :  No
  Timing Early Launch at Borrowing Latches   :  No
  Borrow Time for Max Delay Exceptions       :  Yes
  Merge Timing Exceptions                    :  Yes

  Corner  Analyze    Analyze    
  Name    Max Paths  Min Paths  
  ------  ---------  ---------  
  Slow    Yes        Yes        
  Fast    Yes        Yes        



check_timing report

Table of Contents
-----------------
1. checking no_clock (0)
2. checking constant_clock (0)
3. checking pulse_width_clock (0)
4. checking unconstrained_internal_endpoints (0)
5. checking no_input_delay (12)
6. checking no_output_delay (53)
7. checking multiple_clock (0)
8. checking generated_clocks (0)
9. checking loops (0)
10. checking partial_input_delay (0)
11. checking partial_output_delay (0)
12. checking latch_loops (0)

1. checking no_clock (0)
------------------------
 There are 0 register/latch pins with no clock.


2. checking constant_clock (0)
------------------------------
 There are 0 register/latch pins with constant_clock.


3. checking pulse_width_clock (0)
---------------------------------
 There are 0 register/latch pins which need pulse_width check


4. checking unconstrained_internal_endpoints (0)
------------------------------------------------
 There are 0 pins that are not constrained for maximum delay.

 There are 0 pins that are not constrained for maximum delay due to constant clock.


5. checking no_input_delay (12)
-------------------------------
 There are 12 input ports with no input delay specified. (HIGH)

 There are 0 input ports with no input delay but user has a false path constraint.


6. checking no_output_delay (53)
--------------------------------
 There are 53 ports with no output delay specified. (HIGH)

 There are 0 ports with no output delay but user has a false path constraint

 There are 0 ports with no output delay but with a timing clock defined on it or propagating through it


7. checking multiple_clock (0)
------------------------------
 There are 0 register/latch pins with multiple clocks.


8. checking generated_clocks (0)
--------------------------------
 There are 0 generated clocks that are not connected to a clock source.


9. checking loops (0)
---------------------
 There are 0 combinational loops in the design.


10. checking partial_input_delay (0)
------------------------------------
 There are 0 input ports with partial input delay specified.


11. checking partial_output_delay (0)
-------------------------------------
 There are 0 ports with partial output delay specified.


12. checking latch_loops (0)
----------------------------
 There are 0 combinational latch loops in the design through latch input



------------------------------------------------------------------------------------------------
| Design Timing Summary
| ---------------------
------------------------------------------------------------------------------------------------

    WNS(ns)      TNS(ns)  TNS Failing Endpoints  TNS Total Endpoints      WHS(ns)      THS(ns)  THS Failing Endpoints  THS Total Endpoints     WPWS(ns)     TPWS(ns)  TPWS Failing Endpoints  TPWS Total Endpoints  
    -------      -------  ---------------------  -------------------      -------      -------  ---------------------  -------------------     --------     --------  ----------------------  --------------------  
      0.036        0.000                      0                45781        0.046        0.000                      0                45781        3.750        0.000                       0                 19185  


All user specified timing constraints are met.


------------------------------------------------------------------------------------------------
| Clock Summary
| -------------
------------------------------------------------------------------------------------------------

Clock  Waveform(ns)       Period(ns)      Frequency(MHz)
-----  ------------       ----------      --------------
clock  {0.000 5.000}      10.000          100.000         


------------------------------------------------------------------------------------------------
| Intra Clock Table
| -----------------
------------------------------------------------------------------------------------------------

Clock             WNS(ns)      TNS(ns)  TNS Failing Endpoints  TNS Total Endpoints      WHS(ns)      THS(ns)  THS Failing Endpoints  THS Total Endpoints     WPWS(ns)     TPWS(ns)  TPWS Failing Endpoints  TPWS Total Endpoints  
-----             -------      -------  ---------------------  -------------------      -------      -------  ---------------------  -------------------     --------     --------  ----------------------  --------------------  
clock               0.036        0.000                      0                45781        0.046        0.000                      0                45781        3.750        0.000                       0                 19185  


------------------------------------------------------------------------------------------------
| Inter Clock Table
| -----------------
------------------------------------------------------------------------------------------------

From Clock    To Clock          WNS(ns)      TNS(ns)  TNS Failing Endpoints  TNS Total Endpoints      WHS(ns)      THS(ns)  THS Failing Endpoints  THS Total Endpoints  
----------    --------          -------      -------  ---------------------  -------------------      -------      -------  ---------------------  -------------------  


------------------------------------------------------------------------------------------------
| Other Path Groups Table
| -----------------------
------------------------------------------------------------------------------------------------

Path Group    From Clock    To Clock          WNS(ns)      TNS(ns)  TNS Failing Endpoints  TNS Total Endpoints      WHS(ns)      THS(ns)  THS Failing Endpoints  THS Total Endpoints  
----------    ----------    --------          -------      -------  ---------------------  -------------------      -------      -------  ---------------------  -------------------  


------------------------------------------------------------------------------------------------
| Timing Details
| --------------
------------------------------------------------------------------------------------------------


---------------------------------------------------------------------------------------------------
From Clock:  clock
  To Clock:  clock

Setup :            0  Failing Endpoints,  Worst Slack        0.036ns,  Total Violation        0.000ns
Hold  :            0  Failing Endpoints,  Worst Slack        0.046ns,  Total Violation        0.000ns
PW    :            0  Failing Endpoints,  Worst Slack        3.750ns,  Total Violation        0.000ns
---------------------------------------------------------------------------------------------------


Max Delay Paths
--------------------------------------------------------------------------------------
Slack (MET) :             0.036ns  (required time - arrival time)
  Source:                 bd_0_i/hls_inst/U0/grp_Detecteur_fu_226/grp_Seuil_calc_fu_100/grp_Seuil_calc_do_gen_fu_56/ap_enable_reg_pp0_iter31_reg/C
                            (rising edge-triggered cell FDRE clocked by clock  {rise@0.000ns fall@5.000ns period=10.000ns})
  Destination:            bd_0_i/hls_inst/U0/grp_Detecteur_fu_226/grp_Seuil_calc_fu_100/grp_Seuil_calc_do_gen_fu_56/buffer_load_5_reg_1036_pp0_iter24_reg_reg[26]_srl20/D
                            (rising edge-triggered cell SRLC32E clocked by clock  {rise@0.000ns fall@5.000ns period=10.000ns})
  Path Group:             clock
  Path Type:              Setup (Max at Slow Process Corner)
  Requirement:            10.000ns  (clock rise@10.000ns - clock rise@0.000ns)
  Data Path Delay:        9.646ns  (logic 1.474ns (15.281%)  route 8.172ns (84.719%))
  Logic Levels:           8  (LUT3=1 LUT5=1 LUT6=6)
  Clock Path Skew:        -0.049ns (DCD - SCD + CPR)
    Destination Clock Delay (DCD):    0.924ns = ( 10.924 - 10.000 ) 
    Source Clock Delay      (SCD):    0.973ns
    Clock Pessimism Removal (CPR):    0.000ns
  Clock Uncertainty:      0.035ns  ((TSJ^2 + TIJ^2)^1/2 + DJ) / 2 + PE
    Total System Jitter     (TSJ):    0.071ns
    Total Input Jitter      (TIJ):    0.000ns
    Discrete Jitter          (DJ):    0.000ns
    Phase Error              (PE):    0.000ns

    Location             Delay type                Incr(ns)  Path(ns)    Netlist Resource(s)
  -------------------------------------------------------------------    -------------------
                         (clock clock rise edge)      0.000     0.000 r  
                                                      0.000     0.000 r  clock (IN)
                         net (fo=19291, unset)        0.973     0.973    bd_0_i/hls_inst/U0/grp_Detecteur_fu_226/grp_Seuil_calc_fu_100/grp_Seuil_calc_do_gen_fu_56/clock
    SLICE_X36Y136        FDRE                                         r  bd_0_i/hls_inst/U0/grp_Detecteur_fu_226/grp_Seuil_calc_fu_100/grp_Seuil_calc_do_gen_fu_56/ap_enable_reg_pp0_iter31_reg/C
  -------------------------------------------------------------------    -------------------
    SLICE_X36Y136        FDRE (Prop_fdre_C_Q)         0.456     1.429 r  bd_0_i/hls_inst/U0/grp_Detecteur_fu_226/grp_Seuil_calc_fu_100/grp_Seuil_calc_do_gen_fu_56/ap_enable_reg_pp0_iter31_reg/Q
                         net (fo=126, routed)         1.433     2.862    bd_0_i/hls_inst/U0/grp_Detecteur_fu_226/grp_Seuil_calc_fu_100/grp_Seuil_calc_do_gen_fu_56/Seuil_calc_fmul_3eOg_U78/ap_enable_reg_pp0_iter31
    SLICE_X33Y133        LUT5 (Prop_lut5_I1_O)        0.124     2.986 r  bd_0_i/hls_inst/U0/grp_Detecteur_fu_226/grp_Seuil_calc_fu_100/grp_Seuil_calc_do_gen_fu_56/Seuil_calc_fmul_3eOg_U78/buffer_load_8_27_fu_184[26]_i_3/O
                         net (fo=2, routed)           0.858     3.844    bd_0_i/hls_inst/U0/grp_Detecteur_fu_226/grp_Seuil_calc_fu_100/grp_Seuil_calc_do_gen_fu_56/Seuil_calc_uitofpg8j_U96/buffer_load_8_25_fu_176_reg[26]_0
    SLICE_X33Y133        LUT6 (Prop_lut6_I2_O)        0.124     3.968 r  bd_0_i/hls_inst/U0/grp_Detecteur_fu_226/grp_Seuil_calc_fu_100/grp_Seuil_calc_do_gen_fu_56/Seuil_calc_uitofpg8j_U96/buffer_load_8_25_fu_176[26]_i_1/O
                         net (fo=6, routed)           0.633     4.601    bd_0_i/hls_inst/U0/grp_Detecteur_fu_226/grp_Seuil_calc_fu_100/grp_Seuil_calc_do_gen_fu_56/Seuil_calc_uitofpg8j_U96/buffer_load_8_27_fu_184_reg[30][26]
    SLICE_X45Y133        LUT6 (Prop_lut6_I2_O)        0.124     4.725 f  bd_0_i/hls_inst/U0/grp_Detecteur_fu_226/grp_Seuil_calc_fu_100/grp_Seuil_calc_do_gen_fu_56/Seuil_calc_uitofpg8j_U96/buffer_load_8_18_fu_148[26]_i_2/O
                         net (fo=1, routed)           0.811     5.536    bd_0_i/hls_inst/U0/grp_Detecteur_fu_226/grp_Seuil_calc_fu_100/grp_Seuil_calc_do_gen_fu_56/Seuil_calc_uitofpg8j_U96/buffer_load_8_18_fu_148[26]_i_2_n_8
    SLICE_X47Y124        LUT6 (Prop_lut6_I0_O)        0.124     5.660 r  bd_0_i/hls_inst/U0/grp_Detecteur_fu_226/grp_Seuil_calc_fu_100/grp_Seuil_calc_do_gen_fu_56/Seuil_calc_uitofpg8j_U96/buffer_load_8_18_fu_148[26]_i_1/O
                         net (fo=4, routed)           0.788     6.448    bd_0_i/hls_inst/U0/grp_Detecteur_fu_226/grp_Seuil_calc_fu_100/grp_Seuil_calc_do_gen_fu_56/Seuil_calc_uitofpg8j_U96/ap_sig_allocacmp_buffer_load_19[26]
    SLICE_X47Y115        LUT6 (Prop_lut6_I4_O)        0.124     6.572 r  bd_0_i/hls_inst/U0/grp_Detecteur_fu_226/grp_Seuil_calc_fu_100/grp_Seuil_calc_do_gen_fu_56/Seuil_calc_uitofpg8j_U96/buffer_load_8_9_fu_112[26]_i_3/O
                         net (fo=1, routed)           0.837     7.410    bd_0_i/hls_inst/U0/grp_Detecteur_fu_226/grp_Seuil_calc_fu_100/grp_Seuil_calc_do_gen_fu_56/Seuil_calc_uitofpg8j_U96/buffer_load_8_9_fu_112[26]_i_3_n_8
    SLICE_X48Y102        LUT6 (Prop_lut6_I3_O)        0.124     7.534 r  bd_0_i/hls_inst/U0/grp_Detecteur_fu_226/grp_Seuil_calc_fu_100/grp_Seuil_calc_do_gen_fu_56/Seuil_calc_uitofpg8j_U96/buffer_load_8_9_fu_112[26]_i_1/O
                         net (fo=5, routed)           0.882     8.416    bd_0_i/hls_inst/U0/grp_Detecteur_fu_226/grp_Seuil_calc_fu_100/grp_Seuil_calc_do_gen_fu_56/Seuil_calc_uitofpg8j_U96/buffer_load_8_11_fu_120_reg[30][26]
    SLICE_X61Y97         LUT6 (Prop_lut6_I2_O)        0.124     8.540 r  bd_0_i/hls_inst/U0/grp_Detecteur_fu_226/grp_Seuil_calc_fu_100/grp_Seuil_calc_do_gen_fu_56/Seuil_calc_uitofpg8j_U96/buffer_load_8_5_fu_96[26]_i_1/O
                         net (fo=6, routed)           1.014     9.554    bd_0_i/hls_inst/U0/grp_Detecteur_fu_226/grp_Seuil_calc_fu_100/grp_Seuil_calc_do_gen_fu_56/Seuil_calc_uitofpg8j_U96/ap_enable_reg_pp0_iter7_reg[26]
    SLICE_X62Y94         LUT3 (Prop_lut3_I0_O)        0.150     9.704 r  bd_0_i/hls_inst/U0/grp_Detecteur_fu_226/grp_Seuil_calc_fu_100/grp_Seuil_calc_do_gen_fu_56/Seuil_calc_uitofpg8j_U96/buffer_load_8_4_fu_92[26]_i_1/O
                         net (fo=2, routed)           0.915    10.619    bd_0_i/hls_inst/U0/grp_Detecteur_fu_226/grp_Seuil_calc_fu_100/grp_Seuil_calc_do_gen_fu_56/ap_sig_allocacmp_buffer_load_5[26]
    SLICE_X60Y86         SRLC32E                                      r  bd_0_i/hls_inst/U0/grp_Detecteur_fu_226/grp_Seuil_calc_fu_100/grp_Seuil_calc_do_gen_fu_56/buffer_load_5_reg_1036_pp0_iter24_reg_reg[26]_srl20/D
  -------------------------------------------------------------------    -------------------

                         (clock clock rise edge)     10.000    10.000 r  
                                                      0.000    10.000 r  clock (IN)
                         net (fo=19291, unset)        0.924    10.924    bd_0_i/hls_inst/U0/grp_Detecteur_fu_226/grp_Seuil_calc_fu_100/grp_Seuil_calc_do_gen_fu_56/clock
    SLICE_X60Y86         SRLC32E                                      r  bd_0_i/hls_inst/U0/grp_Detecteur_fu_226/grp_Seuil_calc_fu_100/grp_Seuil_calc_do_gen_fu_56/buffer_load_5_reg_1036_pp0_iter24_reg_reg[26]_srl20/CLK
                         clock pessimism              0.000    10.924    
                         clock uncertainty           -0.035    10.889    
    SLICE_X60Y86         SRLC32E (Setup_srlc32e_CLK_D)
                                                     -0.234    10.655    bd_0_i/hls_inst/U0/grp_Detecteur_fu_226/grp_Seuil_calc_fu_100/grp_Seuil_calc_do_gen_fu_56/buffer_load_5_reg_1036_pp0_iter24_reg_reg[26]_srl20
  -------------------------------------------------------------------
                         required time                         10.655    
                         arrival time                         -10.619    
  -------------------------------------------------------------------
                         slack                                  0.036    





Min Delay Paths
--------------------------------------------------------------------------------------
Slack (MET) :             0.046ns  (arrival time - required time)
  Source:                 bd_0_i/hls_inst/U0/grp_DownSampling_fu_278/grp_DownSampling_do_gen_fu_56/trunc_ln_reg_97_reg[6]/C
                            (rising edge-triggered cell FDRE clocked by clock  {rise@0.000ns fall@5.000ns period=10.000ns})
  Destination:            bd_0_i/hls_inst/U0/dow2bit_1_fifo_U/U_fifo_w8_d32_A_shiftReg/SRL_SIG_reg[31][6]_srl32/D
                            (rising edge-triggered cell SRLC32E clocked by clock  {rise@0.000ns fall@5.000ns period=10.000ns})
  Path Group:             clock
  Path Type:              Hold (Min at Fast Process Corner)
  Requirement:            0.000ns  (clock rise@0.000ns - clock rise@0.000ns)
  Data Path Delay:        0.251ns  (logic 0.141ns (56.174%)  route 0.110ns (43.826%))
  Logic Levels:           0  
  Clock Path Skew:        0.022ns (DCD - SCD - CPR)
    Destination Clock Delay (DCD):    0.432ns
    Source Clock Delay      (SCD):    0.410ns
    Clock Pessimism Removal (CPR):    -0.000ns

    Location             Delay type                Incr(ns)  Path(ns)    Netlist Resource(s)
  -------------------------------------------------------------------    -------------------
                         (clock clock rise edge)      0.000     0.000 r  
                                                      0.000     0.000 r  clock (IN)
                         net (fo=19291, unset)        0.410     0.410    bd_0_i/hls_inst/U0/grp_DownSampling_fu_278/grp_DownSampling_do_gen_fu_56/clock
    SLICE_X43Y180        FDRE                                         r  bd_0_i/hls_inst/U0/grp_DownSampling_fu_278/grp_DownSampling_do_gen_fu_56/trunc_ln_reg_97_reg[6]/C
  -------------------------------------------------------------------    -------------------
    SLICE_X43Y180        FDRE (Prop_fdre_C_Q)         0.141     0.551 r  bd_0_i/hls_inst/U0/grp_DownSampling_fu_278/grp_DownSampling_do_gen_fu_56/trunc_ln_reg_97_reg[6]/Q
                         net (fo=1, routed)           0.110     0.661    bd_0_i/hls_inst/U0/dow2bit_1_fifo_U/U_fifo_w8_d32_A_shiftReg/val_V_reg_70_reg[7]_0[6]
    SLICE_X42Y179        SRLC32E                                      r  bd_0_i/hls_inst/U0/dow2bit_1_fifo_U/U_fifo_w8_d32_A_shiftReg/SRL_SIG_reg[31][6]_srl32/D
  -------------------------------------------------------------------    -------------------

                         (clock clock rise edge)      0.000     0.000 r  
                                                      0.000     0.000 r  clock (IN)
                         net (fo=19291, unset)        0.432     0.432    bd_0_i/hls_inst/U0/dow2bit_1_fifo_U/U_fifo_w8_d32_A_shiftReg/clock
    SLICE_X42Y179        SRLC32E                                      r  bd_0_i/hls_inst/U0/dow2bit_1_fifo_U/U_fifo_w8_d32_A_shiftReg/SRL_SIG_reg[31][6]_srl32/CLK
                         clock pessimism              0.000     0.432    
    SLICE_X42Y179        SRLC32E (Hold_srlc32e_CLK_D)
                                                      0.183     0.615    bd_0_i/hls_inst/U0/dow2bit_1_fifo_U/U_fifo_w8_d32_A_shiftReg/SRL_SIG_reg[31][6]_srl32
  -------------------------------------------------------------------
                         required time                         -0.615    
                         arrival time                           0.661    
  -------------------------------------------------------------------
                         slack                                  0.046    





Pulse Width Checks
--------------------------------------------------------------------------------------
Clock Name:         clock
Waveform(ns):       { 0.000 5.000 }
Period(ns):         10.000
Sources:            { clock }

Check Type        Corner  Lib Pin      Reference Pin  Required(ns)  Actual(ns)  Slack(ns)  Location       Pin
Min Period        n/a     DSP48E1/CLK  n/a            3.884         10.000      6.116      DSP48_X1Y77    bd_0_i/hls_inst/U0/grp_ModuleCompute_fu_212/grp_ModuleCompute_do_gen_fu_58/ModuleCompute_macibs_U126/ModuleCompute_macibs_DSP48_0_U/p/CLK
Low Pulse Width   Fast    RAMS32/CLK   n/a            1.250         5.000       3.750      SLICE_X30Y173  bd_0_i/hls_inst/U0/grp_CRCCheck_fu_320/grp_CRCCheck_do_gen_fu_56/ibuffer_V_U/CRCCheck_do_gen_ibkb_ram_U/ram_reg_0_15_0_0/SP/CLK
High Pulse Width  Slow    RAMS32/CLK   n/a            1.250         5.000       3.750      SLICE_X30Y173  bd_0_i/hls_inst/U0/grp_CRCCheck_fu_320/grp_CRCCheck_do_gen_fu_56/ibuffer_V_U/CRCCheck_do_gen_ibkb_ram_U/ram_reg_0_15_0_0/SP/CLK



