Copyright 1986-2020 Xilinx, Inc. All Rights Reserved.
------------------------------------------------------------------------------------
| Tool Version : Vivado v.2020.1 (lin64) Build 2902540 Wed May 27 19:54:35 MDT 2020
| Date         : Thu Mar 25 13:35:59 2021
| Host         : JARVIS running 64-bit Ubuntu 20.04.2 LTS
| Command      : report_timing_summary -file ./report/my_module_timing_synth.rpt
| Design       : bd_0_wrapper
| Device       : 7a100t-csg324
| Speed File   : -1  PRODUCTION 1.23 2018-06-13
------------------------------------------------------------------------------------

Timing Summary Report

------------------------------------------------------------------------------------------------
| Timer Settings
| --------------
------------------------------------------------------------------------------------------------

  Enable Multi Corner Analysis               :  Yes
  Enable Pessimism Removal                   :  Yes
  Pessimism Removal Resolution               :  Nearest Common Node
  Enable Input Delay Default Clock           :  No
  Enable Preset / Clear Arcs                 :  No
  Disable Flight Delays                      :  No
  Ignore I/O Paths                           :  No
  Timing Early Launch at Borrowing Latches   :  No
  Borrow Time for Max Delay Exceptions       :  Yes
  Merge Timing Exceptions                    :  Yes

  Corner  Analyze    Analyze    
  Name    Max Paths  Min Paths  
  ------  ---------  ---------  
  Slow    Yes        Yes        
  Fast    Yes        Yes        



check_timing report

Table of Contents
-----------------
1. checking no_clock (0)
2. checking constant_clock (0)
3. checking pulse_width_clock (0)
4. checking unconstrained_internal_endpoints (0)
5. checking no_input_delay (12)
6. checking no_output_delay (53)
7. checking multiple_clock (0)
8. checking generated_clocks (0)
9. checking loops (0)
10. checking partial_input_delay (0)
11. checking partial_output_delay (0)
12. checking latch_loops (0)

1. checking no_clock (0)
------------------------
 There are 0 register/latch pins with no clock.


2. checking constant_clock (0)
------------------------------
 There are 0 register/latch pins with constant_clock.


3. checking pulse_width_clock (0)
---------------------------------
 There are 0 register/latch pins which need pulse_width check


4. checking unconstrained_internal_endpoints (0)
------------------------------------------------
 There are 0 pins that are not constrained for maximum delay.

 There are 0 pins that are not constrained for maximum delay due to constant clock.


5. checking no_input_delay (12)
-------------------------------
 There are 12 input ports with no input delay specified. (HIGH)

 There are 0 input ports with no input delay but user has a false path constraint.


6. checking no_output_delay (53)
--------------------------------
 There are 53 ports with no output delay specified. (HIGH)

 There are 0 ports with no output delay but user has a false path constraint

 There are 0 ports with no output delay but with a timing clock defined on it or propagating through it


7. checking multiple_clock (0)
------------------------------
 There are 0 register/latch pins with multiple clocks.


8. checking generated_clocks (0)
--------------------------------
 There are 0 generated clocks that are not connected to a clock source.


9. checking loops (0)
---------------------
 There are 0 combinational loops in the design.


10. checking partial_input_delay (0)
------------------------------------
 There are 0 input ports with partial input delay specified.


11. checking partial_output_delay (0)
-------------------------------------
 There are 0 ports with partial output delay specified.


12. checking latch_loops (0)
----------------------------
 There are 0 combinational latch loops in the design through latch input



------------------------------------------------------------------------------------------------
| Design Timing Summary
| ---------------------
------------------------------------------------------------------------------------------------

    WNS(ns)      TNS(ns)  TNS Failing Endpoints  TNS Total Endpoints      WHS(ns)      THS(ns)  THS Failing Endpoints  THS Total Endpoints     WPWS(ns)     TPWS(ns)  TPWS Failing Endpoints  TPWS Total Endpoints  
    -------      -------  ---------------------  -------------------      -------      -------  ---------------------  -------------------     --------     --------  ----------------------  --------------------  
      1.761        0.000                      0                46602        0.157        0.000                      0                46602        3.750        0.000                       0                 19665  


All user specified timing constraints are met.


------------------------------------------------------------------------------------------------
| Clock Summary
| -------------
------------------------------------------------------------------------------------------------

Clock  Waveform(ns)       Period(ns)      Frequency(MHz)
-----  ------------       ----------      --------------
clock  {0.000 5.000}      10.000          100.000         


------------------------------------------------------------------------------------------------
| Intra Clock Table
| -----------------
------------------------------------------------------------------------------------------------

Clock             WNS(ns)      TNS(ns)  TNS Failing Endpoints  TNS Total Endpoints      WHS(ns)      THS(ns)  THS Failing Endpoints  THS Total Endpoints     WPWS(ns)     TPWS(ns)  TPWS Failing Endpoints  TPWS Total Endpoints  
-----             -------      -------  ---------------------  -------------------      -------      -------  ---------------------  -------------------     --------     --------  ----------------------  --------------------  
clock               1.761        0.000                      0                46602        0.157        0.000                      0                46602        3.750        0.000                       0                 19665  


------------------------------------------------------------------------------------------------
| Inter Clock Table
| -----------------
------------------------------------------------------------------------------------------------

From Clock    To Clock          WNS(ns)      TNS(ns)  TNS Failing Endpoints  TNS Total Endpoints      WHS(ns)      THS(ns)  THS Failing Endpoints  THS Total Endpoints  
----------    --------          -------      -------  ---------------------  -------------------      -------      -------  ---------------------  -------------------  


------------------------------------------------------------------------------------------------
| Other Path Groups Table
| -----------------------
------------------------------------------------------------------------------------------------

Path Group    From Clock    To Clock          WNS(ns)      TNS(ns)  TNS Failing Endpoints  TNS Total Endpoints      WHS(ns)      THS(ns)  THS Failing Endpoints  THS Total Endpoints  
----------    ----------    --------          -------      -------  ---------------------  -------------------      -------      -------  ---------------------  -------------------  


------------------------------------------------------------------------------------------------
| Timing Details
| --------------
------------------------------------------------------------------------------------------------


---------------------------------------------------------------------------------------------------
From Clock:  clock
  To Clock:  clock

Setup :            0  Failing Endpoints,  Worst Slack        1.761ns,  Total Violation        0.000ns
Hold  :            0  Failing Endpoints,  Worst Slack        0.157ns,  Total Violation        0.000ns
PW    :            0  Failing Endpoints,  Worst Slack        3.750ns,  Total Violation        0.000ns
---------------------------------------------------------------------------------------------------


Max Delay Paths
--------------------------------------------------------------------------------------
Slack (MET) :             1.761ns  (required time - arrival time)
  Source:                 bd_0_i/hls_inst/U0/grp_Detecteur_fu_226/grp_Seuil_calc_fu_100/grp_Seuil_calc_do_gen_fu_56/Seuil_calc_fadd_3dEe_U22/my_module_ap_fadd_3_full_dsp_32_u/U0/i_synth/ADDSUB_OP.ADDSUB/DSP.OP/DSP48E1_BODY.EXP/BMA_EXP_DELAY/i_pipe/opt_has_pipe.first_q_reg[5]/C
                            (rising edge-triggered cell FDRE clocked by clock  {rise@0.000ns fall@5.000ns period=10.000ns})
  Destination:            bd_0_i/hls_inst/U0/grp_Detecteur_fu_226/grp_Seuil_calc_fu_100/grp_Seuil_calc_do_gen_fu_56/Seuil_calc_fadd_3dEe_U22/my_module_ap_fadd_3_full_dsp_32_u/U0/i_synth/ADDSUB_OP.ADDSUB/DSP.OP/DSP48E1_BODY.ALIGN_ADD/DSP2/i_no_versal_es1_workaround.DSP/INMODE[1]
                            (rising edge-triggered cell DSP48E1 clocked by clock  {rise@0.000ns fall@5.000ns period=10.000ns})
  Path Group:             clock
  Path Type:              Setup (Max at Slow Process Corner)
  Requirement:            10.000ns  (clock rise@10.000ns - clock rise@0.000ns)
  Data Path Delay:        2.598ns  (logic 0.773ns (29.755%)  route 1.825ns (70.245%))
  Logic Levels:           1  (LUT6=1)
  Clock Path Skew:        -0.049ns (DCD - SCD + CPR)
    Destination Clock Delay (DCD):    0.924ns = ( 10.924 - 10.000 ) 
    Source Clock Delay      (SCD):    0.973ns
    Clock Pessimism Removal (CPR):    0.000ns
  Clock Uncertainty:      0.035ns  ((TSJ^2 + TIJ^2)^1/2 + DJ) / 2 + PE
    Total System Jitter     (TSJ):    0.071ns
    Total Input Jitter      (TIJ):    0.000ns
    Discrete Jitter          (DJ):    0.000ns
    Phase Error              (PE):    0.000ns

    Location             Delay type                Incr(ns)  Path(ns)    Netlist Resource(s)
  -------------------------------------------------------------------    -------------------
                         (clock clock rise edge)      0.000     0.000 r  
                                                      0.000     0.000 r  clock (IN)
                         net (fo=19771, unset)        0.973     0.973    bd_0_i/hls_inst/U0/grp_Detecteur_fu_226/grp_Seuil_calc_fu_100/grp_Seuil_calc_do_gen_fu_56/Seuil_calc_fadd_3dEe_U22/my_module_ap_fadd_3_full_dsp_32_u/U0/i_synth/ADDSUB_OP.ADDSUB/DSP.OP/DSP48E1_BODY.EXP/BMA_EXP_DELAY/i_pipe/aclk
                         FDRE                                         r  bd_0_i/hls_inst/U0/grp_Detecteur_fu_226/grp_Seuil_calc_fu_100/grp_Seuil_calc_do_gen_fu_56/Seuil_calc_fadd_3dEe_U22/my_module_ap_fadd_3_full_dsp_32_u/U0/i_synth/ADDSUB_OP.ADDSUB/DSP.OP/DSP48E1_BODY.EXP/BMA_EXP_DELAY/i_pipe/opt_has_pipe.first_q_reg[5]/C
  -------------------------------------------------------------------    -------------------
                         FDRE (Prop_fdre_C_Q)         0.478     1.451 r  bd_0_i/hls_inst/U0/grp_Detecteur_fu_226/grp_Seuil_calc_fu_100/grp_Seuil_calc_do_gen_fu_56/Seuil_calc_fadd_3dEe_U22/my_module_ap_fadd_3_full_dsp_32_u/U0/i_synth/ADDSUB_OP.ADDSUB/DSP.OP/DSP48E1_BODY.EXP/BMA_EXP_DELAY/i_pipe/opt_has_pipe.first_q_reg[5]/Q
                         net (fo=18, unplaced)        1.022     2.473    bd_0_i/hls_inst/U0/grp_Detecteur_fu_226/grp_Seuil_calc_fu_100/grp_Seuil_calc_do_gen_fu_56/Seuil_calc_fadd_3dEe_U22/my_module_ap_fadd_3_full_dsp_32_u/U0/i_synth/ADDSUB_OP.ADDSUB/DSP.OP/DSP48E1_BODY.EXP/BMA_EXP_DELAY/i_pipe/align_dist[5]
                         LUT6 (Prop_lut6_I0_O)        0.295     2.768 r  bd_0_i/hls_inst/U0/grp_Detecteur_fu_226/grp_Seuil_calc_fu_100/grp_Seuil_calc_do_gen_fu_56/Seuil_calc_fadd_3dEe_U22/my_module_ap_fadd_3_full_dsp_32_u/U0/i_synth/ADDSUB_OP.ADDSUB/DSP.OP/DSP48E1_BODY.EXP/BMA_EXP_DELAY/i_pipe/i_no_versal_es1_workaround.DSP_i_64/O
                         net (fo=2, unplaced)         0.803     3.571    bd_0_i/hls_inst/U0/grp_Detecteur_fu_226/grp_Seuil_calc_fu_100/grp_Seuil_calc_do_gen_fu_56/Seuil_calc_fadd_3dEe_U22/my_module_ap_fadd_3_full_dsp_32_u/U0/i_synth/ADDSUB_OP.ADDSUB/DSP.OP/DSP48E1_BODY.ALIGN_ADD/DSP2/INMODE[0]
                         DSP48E1                                      r  bd_0_i/hls_inst/U0/grp_Detecteur_fu_226/grp_Seuil_calc_fu_100/grp_Seuil_calc_do_gen_fu_56/Seuil_calc_fadd_3dEe_U22/my_module_ap_fadd_3_full_dsp_32_u/U0/i_synth/ADDSUB_OP.ADDSUB/DSP.OP/DSP48E1_BODY.ALIGN_ADD/DSP2/i_no_versal_es1_workaround.DSP/INMODE[1]
  -------------------------------------------------------------------    -------------------

                         (clock clock rise edge)     10.000    10.000 r  
                                                      0.000    10.000 r  clock (IN)
                         net (fo=19771, unset)        0.924    10.924    bd_0_i/hls_inst/U0/grp_Detecteur_fu_226/grp_Seuil_calc_fu_100/grp_Seuil_calc_do_gen_fu_56/Seuil_calc_fadd_3dEe_U22/my_module_ap_fadd_3_full_dsp_32_u/U0/i_synth/ADDSUB_OP.ADDSUB/DSP.OP/DSP48E1_BODY.ALIGN_ADD/DSP2/aclk
                         DSP48E1                                      r  bd_0_i/hls_inst/U0/grp_Detecteur_fu_226/grp_Seuil_calc_fu_100/grp_Seuil_calc_do_gen_fu_56/Seuil_calc_fadd_3dEe_U22/my_module_ap_fadd_3_full_dsp_32_u/U0/i_synth/ADDSUB_OP.ADDSUB/DSP.OP/DSP48E1_BODY.ALIGN_ADD/DSP2/i_no_versal_es1_workaround.DSP/CLK
                         clock pessimism              0.000    10.924    
                         clock uncertainty           -0.035    10.889    
                         DSP48E1 (Setup_dsp48e1_CLK_INMODE[1])
                                                     -5.557     5.332    bd_0_i/hls_inst/U0/grp_Detecteur_fu_226/grp_Seuil_calc_fu_100/grp_Seuil_calc_do_gen_fu_56/Seuil_calc_fadd_3dEe_U22/my_module_ap_fadd_3_full_dsp_32_u/U0/i_synth/ADDSUB_OP.ADDSUB/DSP.OP/DSP48E1_BODY.ALIGN_ADD/DSP2/i_no_versal_es1_workaround.DSP
  -------------------------------------------------------------------
                         required time                          5.332    
                         arrival time                          -3.571    
  -------------------------------------------------------------------
                         slack                                  1.761    





Min Delay Paths
--------------------------------------------------------------------------------------
Slack (MET) :             0.157ns  (arrival time - required time)
  Source:                 bd_0_i/hls_inst/U0/grp_Detecteur_fu_226/grp_Seuil_calc_fu_100/grp_Seuil_calc_do_gen_fu_56/and_ln68_reg_1590_reg[0]/C
                            (rising edge-triggered cell FDRE clocked by clock  {rise@0.000ns fall@5.000ns period=10.000ns})
  Destination:            bd_0_i/hls_inst/U0/grp_Detecteur_fu_226/detect_1_fifo_U/U_fifo_w1_d1024_A_shiftReg/SRL_SIG_reg[1023][0]_srl32/D
                            (rising edge-triggered cell SRLC32E clocked by clock  {rise@0.000ns fall@5.000ns period=10.000ns})
  Path Group:             clock
  Path Type:              Hold (Min at Fast Process Corner)
  Requirement:            0.000ns  (clock rise@0.000ns - clock rise@0.000ns)
  Data Path Delay:        0.309ns  (logic 0.147ns (47.594%)  route 0.162ns (52.406%))
  Logic Levels:           0  
  Clock Path Skew:        0.022ns (DCD - SCD - CPR)
    Destination Clock Delay (DCD):    0.432ns
    Source Clock Delay      (SCD):    0.410ns
    Clock Pessimism Removal (CPR):    -0.000ns

    Location             Delay type                Incr(ns)  Path(ns)    Netlist Resource(s)
  -------------------------------------------------------------------    -------------------
                         (clock clock rise edge)      0.000     0.000 r  
                                                      0.000     0.000 r  clock (IN)
                         net (fo=19771, unset)        0.410     0.410    bd_0_i/hls_inst/U0/grp_Detecteur_fu_226/grp_Seuil_calc_fu_100/grp_Seuil_calc_do_gen_fu_56/clock
                         FDRE                                         r  bd_0_i/hls_inst/U0/grp_Detecteur_fu_226/grp_Seuil_calc_fu_100/grp_Seuil_calc_do_gen_fu_56/and_ln68_reg_1590_reg[0]/C
  -------------------------------------------------------------------    -------------------
                         FDRE (Prop_fdre_C_Q)         0.147     0.557 r  bd_0_i/hls_inst/U0/grp_Detecteur_fu_226/grp_Seuil_calc_fu_100/grp_Seuil_calc_do_gen_fu_56/and_ln68_reg_1590_reg[0]/Q
                         net (fo=1, unplaced)         0.162     0.719    bd_0_i/hls_inst/U0/grp_Detecteur_fu_226/detect_1_fifo_U/U_fifo_w1_d1024_A_shiftReg/detect_din
                         SRLC32E                                      r  bd_0_i/hls_inst/U0/grp_Detecteur_fu_226/detect_1_fifo_U/U_fifo_w1_d1024_A_shiftReg/SRL_SIG_reg[1023][0]_srl32/D
  -------------------------------------------------------------------    -------------------

                         (clock clock rise edge)      0.000     0.000 r  
                                                      0.000     0.000 r  clock (IN)
                         net (fo=19771, unset)        0.432     0.432    bd_0_i/hls_inst/U0/grp_Detecteur_fu_226/detect_1_fifo_U/U_fifo_w1_d1024_A_shiftReg/clock
                         SRLC32E                                      r  bd_0_i/hls_inst/U0/grp_Detecteur_fu_226/detect_1_fifo_U/U_fifo_w1_d1024_A_shiftReg/SRL_SIG_reg[1023][0]_srl32/CLK
                         clock pessimism              0.000     0.432    
                         SRLC32E (Hold_srlc32e_CLK_D)
                                                      0.130     0.562    bd_0_i/hls_inst/U0/grp_Detecteur_fu_226/detect_1_fifo_U/U_fifo_w1_d1024_A_shiftReg/SRL_SIG_reg[1023][0]_srl32
  -------------------------------------------------------------------
                         required time                         -0.562    
                         arrival time                           0.719    
  -------------------------------------------------------------------
                         slack                                  0.157    





Pulse Width Checks
--------------------------------------------------------------------------------------
Clock Name:         clock
Waveform(ns):       { 0.000 5.000 }
Period(ns):         10.000
Sources:            { clock }

Check Type        Corner  Lib Pin      Reference Pin  Required(ns)  Actual(ns)  Slack(ns)  Location  Pin
Min Period        n/a     DSP48E1/CLK  n/a            3.884         10.000      6.116                bd_0_i/hls_inst/U0/grp_ModuleCompute_fu_212/grp_ModuleCompute_do_gen_fu_58/ModuleCompute_macibs_U126/ModuleCompute_macibs_DSP48_0_U/p/CLK
Low Pulse Width   Fast    RAMS32/CLK   n/a            1.250         5.000       3.750                bd_0_i/hls_inst/U0/grp_CRCCheck_fu_320/grp_CRCCheck_do_gen_fu_56/ibuffer_V_U/CRCCheck_do_gen_ibkb_ram_U/ram_reg_0_15_0_0/SP/CLK
High Pulse Width  Slow    RAMS32/CLK   n/a            1.250         5.000       3.750                bd_0_i/hls_inst/U0/grp_CRCCheck_fu_320/grp_CRCCheck_do_gen_fu_56/ibuffer_V_U/CRCCheck_do_gen_ibkb_ram_U/ram_reg_0_15_0_0/SP/CLK



