

================================================================
== Vivado HLS Report for 'DownSampling_do_gen'
================================================================
* Date:           Thu Mar 25 13:03:01 2021

* Version:        2020.1 (Build 2897737 on Wed May 27 20:21:37 MDT 2020)
* Project:        HLS_RECEIVER_FLOAT
* Solution:       solution1
* Product family: artix7
* Target device:  xc7a100t-csg324-1


================================================================
== Performance Estimates
================================================================
+ Timing: 
    * Summary: 
    +--------+----------+----------+------------+
    |  Clock |  Target  | Estimated| Uncertainty|
    +--------+----------+----------+------------+
    |ap_clk  | 10.00 ns | 6.023 ns |   1.25 ns  |
    +--------+----------+----------+------------+

+ Latency: 
    * Summary: 
    +---------+---------+-----------+-----------+-----+-----+---------+
    |  Latency (cycles) |   Latency (absolute)  |  Interval | Pipeline|
    |   min   |   max   |    min    |    max    | min | max |   Type  |
    +---------+---------+-----------+-----------+-----+-----+---------+
    |        4|        4| 40.000 ns | 40.000 ns |    4|    4|   none  |
    +---------+---------+-----------+-----------+-----+-----+---------+

    + Detail: 
        * Instance: 
        N/A

        * Loop: 
        +----------+---------+---------+----------+-----------+-----------+------+----------+
        |          |  Latency (cycles) | Iteration|  Initiation Interval  | Trip |          |
        | Loop Name|   min   |   max   |  Latency |  achieved |   target  | Count| Pipelined|
        +----------+---------+---------+----------+-----------+-----------+------+----------+
        |- Loop 1  |        3|        3|         3|          -|          -|  inf |    no    |
        +----------+---------+---------+----------+-----------+-----------+------+----------+

============================================================
+ Verbose Summary: Synthesis Manager
============================================================
InlineROM: 1
ExposeGlobal: 0
============================================================
+ Verbose Summary: CDFG Model
============================================================
IsTopModel: 0
ResetActiveHigh: 1
IsCombinational: 0
IsDatapathOnly: 0
HasWiredReturn: 0
HasMFsm: 0
HasVarLatency: 1
IsPipeline: 0
IsRtlPipelined: 0
IsInstanceOverlapped: 0
IsDontTouch: 0
HasImplIP: 0
IsGatedGlobalClock: 0


============================================================
+ Verbose Summary: Schedule
============================================================
* Number of FSM states : 4
* Pipeline : 0
* Dataflow Pipeline: 0

* FSM state transitions: 
1 --> 2 
2 --> 3 
3 --> 4 
4 --> 2 

* FSM state operations: 

State 1 <SV = 0> <Delay = 0.00>
ST_1 : Operation 5 [1/1] (0.00ns)   --->   "call void (...)* @_ssdm_op_SpecBitsMap(i1* %clock), !map !253"   --->   Operation 5 'specbitsmap' <Predicate = true> <Delay = 0.00>
ST_1 : Operation 6 [1/1] (0.00ns)   --->   "call void (...)* @_ssdm_op_SpecBitsMap(i1* %reset), !map !257"   --->   Operation 6 'specbitsmap' <Predicate = true> <Delay = 0.00>
ST_1 : Operation 7 [1/1] (0.00ns)   --->   "call void (...)* @_ssdm_op_SpecBitsMap(i8* %e), !map !261"   --->   Operation 7 'specbitsmap' <Predicate = true> <Delay = 0.00>
ST_1 : Operation 8 [1/1] (0.00ns)   --->   "call void (...)* @_ssdm_op_SpecBitsMap(i8* %s), !map !265"   --->   Operation 8 'specbitsmap' <Predicate = true> <Delay = 0.00>
ST_1 : Operation 9 [1/1] (0.00ns)   --->   "call void (...)* @_ssdm_op_SpecPort([13 x i8]* @p_str59, i32 0, [7 x i8]* @p_str26, [6 x i8]* @p_str27, i32 0, i32 0, i1* %clock) nounwind" [systemc/src/DownSampling.hpp:31]   --->   Operation 9 'specport' <Predicate = true> <Delay = 0.00>
ST_1 : Operation 10 [1/1] (0.00ns)   --->   "call void (...)* @_ssdm_op_SpecPort([13 x i8]* @p_str59, i32 0, [7 x i8]* @p_str26, [6 x i8]* @p_str28, i32 0, i32 0, i1* %reset) nounwind" [systemc/src/DownSampling.hpp:32]   --->   Operation 10 'specport' <Predicate = true> <Delay = 0.00>
ST_1 : Operation 11 [1/1] (0.00ns)   --->   "call void (...)* @_ssdm_op_SpecInterface(i8* %e, [8 x i8]* @p_str29, i32 0, i32 0, [1 x i8]* @p_str30, i32 0, i32 0, [1 x i8]* @p_str30, [1 x i8]* @p_str30, [1 x i8]* @p_str30, i32 0, i32 0, i32 0, i32 0, [1 x i8]* @p_str30, [1 x i8]* @p_str30) nounwind" [systemc/src/DownSampling.hpp:33]   --->   Operation 11 'specinterface' <Predicate = true> <Delay = 0.00>
ST_1 : Operation 12 [1/1] (0.00ns)   --->   "call void (...)* @_ssdm_op_SpecInterface(i8* %s, [8 x i8]* @p_str29, i32 0, i32 0, [1 x i8]* @p_str30, i32 0, i32 0, [1 x i8]* @p_str30, [1 x i8]* @p_str30, [1 x i8]* @p_str30, i32 0, i32 0, i32 0, i32 0, [1 x i8]* @p_str30, [1 x i8]* @p_str30) nounwind" [systemc/src/DownSampling.hpp:34]   --->   Operation 12 'specinterface' <Predicate = true> <Delay = 0.00>
ST_1 : Operation 13 [1/1] (0.00ns)   --->   "call void (...)* @_ssdm_op_SpecProcessDef([13 x i8]* @p_str59, i32 2, [7 x i8]* @p_str42) nounwind" [systemc/src/DownSampling.hpp:35]   --->   Operation 13 'specprocessdef' <Predicate = true> <Delay = 0.00>
ST_1 : Operation 14 [1/1] (0.00ns)   --->   "%tmp = call i32 (...)* @_ssdm_op_SpecRegionBegin([15 x i8]* @p_str44)" [systemc/src/DownSampling.hpp:35]   --->   Operation 14 'specregionbegin' 'tmp' <Predicate = true> <Delay = 0.00>
ST_1 : Operation 15 [1/1] (0.00ns)   --->   "call void (...)* @_ssdm_op_SpecProtocol(i32 1, [1 x i8]* @p_str30) nounwind" [systemc/src/DownSampling.hpp:35]   --->   Operation 15 'specprotocol' <Predicate = true> <Delay = 0.00>
ST_1 : Operation 16 [1/1] (0.00ns)   --->   "%p_ssdm_reset_v = call i32 (...)* @_ssdm_op_SpecStateBegin(i32 0, i32 0, i32 1) nounwind" [systemc/src/DownSampling.hpp:35]   --->   Operation 16 'specstatebegin' 'p_ssdm_reset_v' <Predicate = true> <Delay = 0.00>
ST_1 : Operation 17 [1/1] (0.00ns)   --->   "%empty = call i32 (...)* @_ssdm_op_SpecStateEnd(i32 %p_ssdm_reset_v) nounwind" [systemc/src/DownSampling.hpp:34]   --->   Operation 17 'specstateend' 'empty' <Predicate = true> <Delay = 0.00>
ST_1 : Operation 18 [1/1] (0.00ns)   --->   "%empty_72 = call i32 (...)* @_ssdm_op_SpecRegionEnd([15 x i8]* @p_str44, i32 %tmp)" [systemc/src/DownSampling.hpp:34]   --->   Operation 18 'specregionend' 'empty_72' <Predicate = true> <Delay = 0.00>
ST_1 : Operation 19 [1/1] (0.00ns)   --->   "br label %0" [systemc/src/DownSampling.hpp:34]   --->   Operation 19 'br' <Predicate = true> <Delay = 0.00>

State 2 <SV = 1> <Delay = 3.90>
ST_2 : Operation 20 [1/1] (3.90ns)   --->   "%val_V = call i8 @_ssdm_op_Read.ap_fifo.volatile.i8P(i8* %e)" [systemc/src/DownSampling.hpp:38]   --->   Operation 20 'read' 'val_V' <Predicate = true> <Delay = 3.90> <Core = "FIFO_SRL">   --->   Core 36 'FIFO_SRL' <Latency = 0> <II = 1> <Delay = 3.90> <Storage> <Opcode : 'read' 'write' 'nbread' 'nbwrite'> <Ports = 0> <Width = 8> <Depth = 0> <FIFO>

State 3 <SV = 2> <Delay = 6.02>
ST_3 : Operation 21 [1/1] (0.00ns)   --->   "%zext_ln38 = zext i8 %val_V to i9" [systemc/src/DownSampling.hpp:38]   --->   Operation 21 'zext' 'zext_ln38' <Predicate = true> <Delay = 0.00>
ST_3 : Operation 22 [1/1] (3.90ns)   --->   "%DownSampling_e_m_if_s = call i8 @_ssdm_op_Read.ap_fifo.volatile.i8P(i8* %e)" [systemc/src/DownSampling.hpp:40]   --->   Operation 22 'read' 'DownSampling_e_m_if_s' <Predicate = true> <Delay = 3.90> <Core = "FIFO_SRL">   --->   Core 36 'FIFO_SRL' <Latency = 0> <II = 1> <Delay = 3.90> <Storage> <Opcode : 'read' 'write' 'nbread' 'nbwrite'> <Ports = 0> <Width = 8> <Depth = 0> <FIFO>
ST_3 : Operation 23 [1/1] (0.00ns)   --->   "%zext_ln40 = zext i8 %DownSampling_e_m_if_s to i9" [systemc/src/DownSampling.hpp:40]   --->   Operation 23 'zext' 'zext_ln40' <Predicate = true> <Delay = 0.00>
ST_3 : Operation 24 [1/1] (2.11ns)   --->   "%add_ln40 = add i9 %zext_ln40, %zext_ln38" [systemc/src/DownSampling.hpp:40]   --->   Operation 24 'add' 'add_ln40' <Predicate = true> <Delay = 2.11> <Core = "AddSub">   --->   Core 14 'AddSub' <Latency = 0> <II = 1> <Delay = 2.11> <FuncUnit> <Opcode : 'add' 'sub'> <InPorts = 2> <OutPorts = 1>
ST_3 : Operation 25 [1/1] (0.00ns)   --->   "%trunc_ln = call i8 @_ssdm_op_PartSelect.i8.i9.i32.i32(i9 %add_ln40, i32 1, i32 8)" [systemc/src/DownSampling.hpp:41]   --->   Operation 25 'partselect' 'trunc_ln' <Predicate = true> <Delay = 0.00>

State 4 <SV = 3> <Delay = 3.90>
ST_4 : Operation 26 [1/1] (3.90ns)   --->   "call void @_ssdm_op_Write.ap_fifo.volatile.i8P(i8* %s, i8 %trunc_ln)" [systemc/src/DownSampling.hpp:41]   --->   Operation 26 'write' <Predicate = true> <Delay = 3.90> <Core = "FIFO_SRL">   --->   Core 36 'FIFO_SRL' <Latency = 0> <II = 1> <Delay = 3.90> <Storage> <Opcode : 'read' 'write' 'nbread' 'nbwrite'> <Ports = 0> <Width = 8> <Depth = 0> <FIFO>
ST_4 : Operation 27 [1/1] (0.00ns)   --->   "br label %0" [systemc/src/DownSampling.hpp:42]   --->   Operation 27 'br' <Predicate = true> <Delay = 0.00>


============================================================
+ Verbose Summary: Binding
============================================================
STG Binding: 
---------------- STG Properties BEGIN ----------------
- Is combinational: 0
- Is one-state seq: 0
- Is datapath-only: 0
- Is pipelined: 0
- Is top level: 0
Port [ Return ] is wired: 1; IO mode=ap_ctrl_hs:ce=0
Port [ clock]:  wired=1; compound=0; hidden=1; nouse=1; global=0; static=0; extern=0; dir=0; type=0; pingpong=0; private_global=0; IO mode=ap_none:ce=0
Port [ reset]:  wired=1; compound=0; hidden=1; nouse=1; global=0; static=0; extern=0; dir=0; type=0; pingpong=0; private_global=0; IO mode=ap_none:ce=0
Port [ e]:  wired=1; compound=1; hidden=0; nouse=0; global=0; static=0; extern=0; dir=0; type=3; pingpong=0; private_global=0; IO mode=ap_fifo:ce=0
Port [ s]:  wired=1; compound=1; hidden=0; nouse=0; global=0; static=0; extern=0; dir=1; type=3; pingpong=0; private_global=0; IO mode=ap_fifo:ce=0
---------------- STG Properties END ------------------

---------------- Datapath Model BEGIN ----------------

<LifeTime>
<method=bitvector/>
specbitsmap_ln0       (specbitsmap    ) [ 00000]
specbitsmap_ln0       (specbitsmap    ) [ 00000]
specbitsmap_ln0       (specbitsmap    ) [ 00000]
specbitsmap_ln0       (specbitsmap    ) [ 00000]
specport_ln31         (specport       ) [ 00000]
specport_ln32         (specport       ) [ 00000]
specinterface_ln33    (specinterface  ) [ 00000]
specinterface_ln34    (specinterface  ) [ 00000]
specprocessdef_ln35   (specprocessdef ) [ 00000]
tmp                   (specregionbegin) [ 00000]
specprotocol_ln35     (specprotocol   ) [ 00000]
p_ssdm_reset_v        (specstatebegin ) [ 00000]
empty                 (specstateend   ) [ 00000]
empty_72              (specregionend  ) [ 00000]
br_ln34               (br             ) [ 00000]
val_V                 (read           ) [ 00010]
zext_ln38             (zext           ) [ 00000]
DownSampling_e_m_if_s (read           ) [ 00000]
zext_ln40             (zext           ) [ 00000]
add_ln40              (add            ) [ 00000]
trunc_ln              (partselect     ) [ 00001]
write_ln41            (write          ) [ 00000]
br_ln42               (br             ) [ 00000]
</LifeTime>

<model>

<comp_list>
<comp id="0" class="1000" name="clock">
<pin_list>
<pin id="1" dir="1" index="0" bw="1" slack="2147483647"/>
</pin_list>
<bind>
<StgValue><ssdm name="clock"/></StgValue>
</bind>
</comp>

<comp id="2" class="1000" name="reset">
<pin_list>
<pin id="3" dir="1" index="0" bw="1" slack="2147483647"/>
</pin_list>
<bind>
<StgValue><ssdm name="reset"/></StgValue>
</bind>
</comp>

<comp id="4" class="1000" name="e">
<pin_list>
<pin id="5" dir="1" index="0" bw="1" slack="0"/>
</pin_list>
<bind>
<StgValue><ssdm name="e"/></StgValue>
</bind>
</comp>

<comp id="6" class="1000" name="s">
<pin_list>
<pin id="7" dir="1" index="0" bw="1" slack="0"/>
</pin_list>
<bind>
<StgValue><ssdm name="s"/></StgValue>
</bind>
</comp>

<comp id="8" class="1001" name="const_8">
<pin_list>
<pin id="9" dir="1" index="0" bw="1" slack="2147483647"/>
</pin_list>
<bind>
<StgValue><ssdm name="_ssdm_op_SpecBitsMap"/></StgValue>
</bind>
</comp>

<comp id="10" class="1001" name="const_10">
<pin_list>
<pin id="11" dir="1" index="0" bw="1" slack="2147483647"/>
</pin_list>
<bind>
<StgValue><ssdm name="_ssdm_op_SpecPort"/></StgValue>
</bind>
</comp>

<comp id="12" class="1001" name="const_12">
<pin_list>
<pin id="13" dir="1" index="0" bw="1" slack="2147483647"/>
</pin_list>
<bind>
<StgValue><ssdm name="p_str59"/></StgValue>
</bind>
</comp>

<comp id="14" class="1001" name="const_14">
<pin_list>
<pin id="15" dir="1" index="0" bw="1" slack="2147483647"/>
</pin_list>
<bind>
<StgValue><ssdm name=""/></StgValue>
</bind>
</comp>

<comp id="16" class="1001" name="const_16">
<pin_list>
<pin id="17" dir="1" index="0" bw="1" slack="2147483647"/>
</pin_list>
<bind>
<StgValue><ssdm name="p_str26"/></StgValue>
</bind>
</comp>

<comp id="18" class="1001" name="const_18">
<pin_list>
<pin id="19" dir="1" index="0" bw="1" slack="2147483647"/>
</pin_list>
<bind>
<StgValue><ssdm name="p_str27"/></StgValue>
</bind>
</comp>

<comp id="20" class="1001" name="const_20">
<pin_list>
<pin id="21" dir="1" index="0" bw="1" slack="2147483647"/>
</pin_list>
<bind>
<StgValue><ssdm name="p_str28"/></StgValue>
</bind>
</comp>

<comp id="22" class="1001" name="const_22">
<pin_list>
<pin id="23" dir="1" index="0" bw="1" slack="2147483647"/>
</pin_list>
<bind>
<StgValue><ssdm name="_ssdm_op_SpecInterface"/></StgValue>
</bind>
</comp>

<comp id="24" class="1001" name="const_24">
<pin_list>
<pin id="25" dir="1" index="0" bw="1" slack="2147483647"/>
</pin_list>
<bind>
<StgValue><ssdm name="p_str29"/></StgValue>
</bind>
</comp>

<comp id="26" class="1001" name="const_26">
<pin_list>
<pin id="27" dir="1" index="0" bw="1" slack="2147483647"/>
</pin_list>
<bind>
<StgValue><ssdm name="p_str30"/></StgValue>
</bind>
</comp>

<comp id="28" class="1001" name="const_28">
<pin_list>
<pin id="29" dir="1" index="0" bw="1" slack="2147483647"/>
</pin_list>
<bind>
<StgValue><ssdm name="_ssdm_op_SpecProcessDef"/></StgValue>
</bind>
</comp>

<comp id="30" class="1001" name="const_30">
<pin_list>
<pin id="31" dir="1" index="0" bw="1" slack="2147483647"/>
</pin_list>
<bind>
<StgValue><ssdm name=""/></StgValue>
</bind>
</comp>

<comp id="32" class="1001" name="const_32">
<pin_list>
<pin id="33" dir="1" index="0" bw="1" slack="2147483647"/>
</pin_list>
<bind>
<StgValue><ssdm name="p_str42"/></StgValue>
</bind>
</comp>

<comp id="34" class="1001" name="const_34">
<pin_list>
<pin id="35" dir="1" index="0" bw="1" slack="2147483647"/>
</pin_list>
<bind>
<StgValue><ssdm name="_ssdm_op_SpecRegionBegin"/></StgValue>
</bind>
</comp>

<comp id="36" class="1001" name="const_36">
<pin_list>
<pin id="37" dir="1" index="0" bw="1" slack="2147483647"/>
</pin_list>
<bind>
<StgValue><ssdm name="p_str44"/></StgValue>
</bind>
</comp>

<comp id="38" class="1001" name="const_38">
<pin_list>
<pin id="39" dir="1" index="0" bw="1" slack="2147483647"/>
</pin_list>
<bind>
<StgValue><ssdm name="_ssdm_op_SpecProtocol"/></StgValue>
</bind>
</comp>

<comp id="40" class="1001" name="const_40">
<pin_list>
<pin id="41" dir="1" index="0" bw="1" slack="0"/>
</pin_list>
<bind>
<StgValue><ssdm name=""/></StgValue>
</bind>
</comp>

<comp id="42" class="1001" name="const_42">
<pin_list>
<pin id="43" dir="1" index="0" bw="1" slack="2147483647"/>
</pin_list>
<bind>
<StgValue><ssdm name="_ssdm_op_SpecStateBegin"/></StgValue>
</bind>
</comp>

<comp id="44" class="1001" name="const_44">
<pin_list>
<pin id="45" dir="1" index="0" bw="1" slack="2147483647"/>
</pin_list>
<bind>
<StgValue><ssdm name="_ssdm_op_SpecStateEnd"/></StgValue>
</bind>
</comp>

<comp id="46" class="1001" name="const_46">
<pin_list>
<pin id="47" dir="1" index="0" bw="1" slack="2147483647"/>
</pin_list>
<bind>
<StgValue><ssdm name="_ssdm_op_SpecRegionEnd"/></StgValue>
</bind>
</comp>

<comp id="48" class="1001" name="const_48">
<pin_list>
<pin id="49" dir="1" index="0" bw="1" slack="0"/>
</pin_list>
<bind>
<StgValue><ssdm name="_ssdm_op_Read.ap_fifo.volatile.i8P"/></StgValue>
</bind>
</comp>

<comp id="50" class="1001" name="const_50">
<pin_list>
<pin id="51" dir="1" index="0" bw="1" slack="0"/>
</pin_list>
<bind>
<StgValue><ssdm name="_ssdm_op_PartSelect.i8.i9.i32.i32"/></StgValue>
</bind>
</comp>

<comp id="52" class="1001" name="const_52">
<pin_list>
<pin id="53" dir="1" index="0" bw="1" slack="0"/>
</pin_list>
<bind>
<StgValue><ssdm name=""/></StgValue>
</bind>
</comp>

<comp id="54" class="1001" name="const_54">
<pin_list>
<pin id="55" dir="1" index="0" bw="1" slack="0"/>
</pin_list>
<bind>
<StgValue><ssdm name="_ssdm_op_Write.ap_fifo.volatile.i8P"/></StgValue>
</bind>
</comp>

<comp id="56" class="1004" name="grp_read_fu_56">
<pin_list>
<pin id="57" dir="0" index="0" bw="8" slack="0"/>
<pin id="58" dir="0" index="1" bw="8" slack="0"/>
<pin id="59" dir="1" index="2" bw="8" slack="0"/>
</pin_list>
<bind>
<opcode="read(1150) " fcode="read"/>
<opset="val_V/2 DownSampling_e_m_if_s/3 "/>
</bind>
</comp>

<comp id="62" class="1004" name="write_ln41_write_fu_62">
<pin_list>
<pin id="63" dir="0" index="0" bw="0" slack="0"/>
<pin id="64" dir="0" index="1" bw="8" slack="0"/>
<pin id="65" dir="0" index="2" bw="8" slack="1"/>
<pin id="66" dir="1" index="3" bw="0" slack="2147483647"/>
</pin_list>
<bind>
<opcode="write(1151) " fcode="write"/>
<opset="write_ln41/4 "/>
</bind>
</comp>

<comp id="69" class="1004" name="zext_ln38_fu_69">
<pin_list>
<pin id="70" dir="0" index="0" bw="8" slack="1"/>
<pin id="71" dir="1" index="1" bw="9" slack="0"/>
</pin_list>
<bind>
<opcode="zext(34) " fcode="zext"/>
<opset="zext_ln38/3 "/>
</bind>
</comp>

<comp id="72" class="1004" name="zext_ln40_fu_72">
<pin_list>
<pin id="73" dir="0" index="0" bw="8" slack="0"/>
<pin id="74" dir="1" index="1" bw="9" slack="0"/>
</pin_list>
<bind>
<opcode="zext(34) " fcode="zext"/>
<opset="zext_ln40/3 "/>
</bind>
</comp>

<comp id="76" class="1004" name="add_ln40_fu_76">
<pin_list>
<pin id="77" dir="0" index="0" bw="8" slack="0"/>
<pin id="78" dir="0" index="1" bw="8" slack="0"/>
<pin id="79" dir="1" index="2" bw="9" slack="0"/>
</pin_list>
<bind>
<opcode="add(8) " fcode="add"/>
<opset="add_ln40/3 "/>
</bind>
</comp>

<comp id="82" class="1004" name="trunc_ln_fu_82">
<pin_list>
<pin id="83" dir="0" index="0" bw="8" slack="0"/>
<pin id="84" dir="0" index="1" bw="9" slack="0"/>
<pin id="85" dir="0" index="2" bw="1" slack="0"/>
<pin id="86" dir="0" index="3" bw="5" slack="0"/>
<pin id="87" dir="1" index="4" bw="8" slack="1"/>
</pin_list>
<bind>
<opcode="partselect(1002) " fcode="partselect"/>
<opset="trunc_ln/3 "/>
</bind>
</comp>

<comp id="92" class="1005" name="val_V_reg_92">
<pin_list>
<pin id="93" dir="0" index="0" bw="8" slack="1"/>
<pin id="94" dir="1" index="1" bw="8" slack="1"/>
</pin_list>
<bind>
<opset="val_V "/>
</bind>
</comp>

<comp id="97" class="1005" name="trunc_ln_reg_97">
<pin_list>
<pin id="98" dir="0" index="0" bw="8" slack="1"/>
<pin id="99" dir="1" index="1" bw="8" slack="1"/>
</pin_list>
<bind>
<opset="trunc_ln "/>
</bind>
</comp>

</comp_list>

<net_list>
<net id="60"><net_src comp="48" pin="0"/><net_sink comp="56" pin=0"/></net>

<net id="61"><net_src comp="4" pin="0"/><net_sink comp="56" pin=1"/></net>

<net id="67"><net_src comp="54" pin="0"/><net_sink comp="62" pin=0"/></net>

<net id="68"><net_src comp="6" pin="0"/><net_sink comp="62" pin=1"/></net>

<net id="75"><net_src comp="56" pin="2"/><net_sink comp="72" pin=0"/></net>

<net id="80"><net_src comp="72" pin="1"/><net_sink comp="76" pin=0"/></net>

<net id="81"><net_src comp="69" pin="1"/><net_sink comp="76" pin=1"/></net>

<net id="88"><net_src comp="50" pin="0"/><net_sink comp="82" pin=0"/></net>

<net id="89"><net_src comp="76" pin="2"/><net_sink comp="82" pin=1"/></net>

<net id="90"><net_src comp="40" pin="0"/><net_sink comp="82" pin=2"/></net>

<net id="91"><net_src comp="52" pin="0"/><net_sink comp="82" pin=3"/></net>

<net id="95"><net_src comp="56" pin="2"/><net_sink comp="92" pin=0"/></net>

<net id="96"><net_src comp="92" pin="1"/><net_sink comp="69" pin=0"/></net>

<net id="100"><net_src comp="82" pin="4"/><net_sink comp="97" pin=0"/></net>

<net id="101"><net_src comp="97" pin="1"/><net_sink comp="62" pin=2"/></net>

</net_list>

</model> 
---------------- Datapath Model END ------------------

* FSMD analyzer results:
  - Output states:
	Port: s | {4 }
 - Input state : 
	Port: DownSampling::do_gen : e | {2 3 }
  - Chain level:
	State 1
		empty : 1
		empty_72 : 1
	State 2
	State 3
		add_ln40 : 1
		trunc_ln : 2
	State 4


============================================================
+ Verbose Summary: Datapath Resource usage 
============================================================

* Functional unit list:
|----------|------------------------|---------|---------|
| Operation|     Functional Unit    |    FF   |   LUT   |
|----------|------------------------|---------|---------|
|    add   |     add_ln40_fu_76     |    0    |    15   |
|----------|------------------------|---------|---------|
|   read   |     grp_read_fu_56     |    0    |    0    |
|----------|------------------------|---------|---------|
|   write  | write_ln41_write_fu_62 |    0    |    0    |
|----------|------------------------|---------|---------|
|   zext   |     zext_ln38_fu_69    |    0    |    0    |
|          |     zext_ln40_fu_72    |    0    |    0    |
|----------|------------------------|---------|---------|
|partselect|     trunc_ln_fu_82     |    0    |    0    |
|----------|------------------------|---------|---------|
|   Total  |                        |    0    |    15   |
|----------|------------------------|---------|---------|

Memories:
N/A

* Register list:
+---------------+--------+
|               |   FF   |
+---------------+--------+
|trunc_ln_reg_97|    8   |
|  val_V_reg_92 |    8   |
+---------------+--------+
|     Total     |   16   |
+---------------+--------+

* Multiplexer (MUX) list: 
|--------|------|------|------|--------|
|  Comp  |  Pin | Size |  BW  | S x BW |
|--------|------|------|------|--------|
|  Total |      |      |      |    0   |
|--------|------|------|------|--------|



* Summary:
+-----------+--------+--------+
|           |   FF   |   LUT  |
+-----------+--------+--------+
|  Function |    0   |   15   |
|   Memory  |    -   |    -   |
|Multiplexer|    -   |    -   |
|  Register |   16   |    -   |
+-----------+--------+--------+
|   Total   |   16   |   15   |
+-----------+--------+--------+
