

================================================================
== Vivado HLS Report for 'Detecteur1'
================================================================
* Date:           Thu Mar 25 13:03:01 2021

* Version:        2020.1 (Build 2897737 on Wed May 27 20:21:37 MDT 2020)
* Project:        HLS_RECEIVER_FLOAT
* Solution:       solution1
* Product family: artix7
* Target device:  xc7a100t-csg324-1


================================================================
== Performance Estimates
================================================================
+ Timing: 
    * Summary: 
    +--------+----------+----------+------------+
    |  Clock |  Target  | Estimated| Uncertainty|
    +--------+----------+----------+------------+
    |ap_clk  | 10.00 ns | 8.190 ns |   1.25 ns  |
    +--------+----------+----------+------------+

+ Latency: 
    * Summary: 
    +---------+---------+-----------+-----------+-----+------+---------+
    |  Latency (cycles) |   Latency (absolute)  |  Interval  | Pipeline|
    |   min   |   max   |    min    |    max    | min |  max |   Type  |
    +---------+---------+-----------+-----------+-----+------+---------+
    |        1|     2311| 10.000 ns | 23.110 us |    1|  2311|   none  |
    +---------+---------+-----------+-----------+-----+------+---------+

    + Detail: 
        * Instance: 
        +--------------------------+---------------+---------+---------+----------+-----------+-----+------+---------+
        |                          |               |  Latency (cycles) |  Latency (absolute)  |  Interval  | Pipeline|
        |         Instance         |     Module    |   min   |   max   |    min   |    max    | min |  max |   Type  |
        +--------------------------+---------------+---------+---------+----------+-----------+-----+------+---------+
        |grp_Seuil_calc1_fu_100    |Seuil_calc1    |        0|        8|   0 ns   | 80.000 ns |    0|     8|   none  |
        |grp_trames_separ1_fu_114  |trames_separ1  |        0|     2310|   0 ns   | 23.100 us |    0|  2310|   none  |
        |grp_DOUBLEUR_U_fu_130     |DOUBLEUR_U     |        0|        3|   0 ns   | 30.000 ns |    0|     3|   none  |
        +--------------------------+---------------+---------+---------+----------+-----------+-----+------+---------+

        * Loop: 
        N/A



================================================================
== Utilization Estimates
================================================================
* Summary: 
+-----------------+---------+-------+--------+-------+-----+
|       Name      | BRAM_18K| DSP48E|   FF   |  LUT  | URAM|
+-----------------+---------+-------+--------+-------+-----+
|DSP              |        -|      -|       -|      -|    -|
|Expression       |        -|      -|       -|      -|    -|
|FIFO             |        3|      -|     125|    227|    -|
|Instance         |        0|     18|     771|   1545|    -|
|Memory           |        -|      -|       -|      -|    -|
|Multiplexer      |        -|      -|       -|      -|    -|
|Register         |        -|      -|       -|      -|    -|
+-----------------+---------+-------+--------+-------+-----+
|Total            |        3|     18|     896|   1772|    0|
+-----------------+---------+-------+--------+-------+-----+
|Available        |      270|    240|  126800|  63400|    0|
+-----------------+---------+-------+--------+-------+-----+
|Utilization (%)  |        1|      7|   ~0   |      2|    0|
+-----------------+---------+-------+--------+-------+-----+

+ Detail: 
    * Instance: 
    +--------------------------+---------------+---------+-------+-----+------+-----+
    |         Instance         |     Module    | BRAM_18K| DSP48E|  FF |  LUT | URAM|
    +--------------------------+---------------+---------+-------+-----+------+-----+
    |grp_DOUBLEUR_U_fu_130     |DOUBLEUR_U     |        0|      0|    2|    38|    0|
    |grp_Seuil_calc1_fu_100    |Seuil_calc1    |        0|     18|  735|  1328|    0|
    |grp_trames_separ1_fu_114  |trames_separ1  |        0|      0|   34|   179|    0|
    +--------------------------+---------------+---------+-------+-----+------+-----+
    |Total                     |               |        0|     18|  771|  1545|    0|
    +--------------------------+---------------+---------+-------+-----+------+-----+

    * DSP48E: 
    N/A

    * Memory: 
    N/A

    * FIFO: 
    +--------------------+---------+----+----+-----+------+-----+---------+
    |        Name        | BRAM_18K| FF | LUT| URAM| Depth| Bits| Size:D*B|
    +--------------------+---------+----+----+-----+------+-----+---------+
    |dbl2scalc_1_fifo_U  |        1|  43|   0|    -|  1024|    8|     8192|
    |dbl2tsep_1_fifo_U   |        1|  43|   0|    -|  1024|    8|     8192|
    |detect_1_fifo_U     |        1|  39|   0|    -|  1024|    1|     1024|
    +--------------------+---------+----+----+-----+------+-----+---------+
    |Total               |        3| 125|   0|    0|  3072|   17|    17408|
    +--------------------+---------+----+----+-----+------+-----+---------+

    * Expression: 
    N/A

    * Multiplexer: 
    N/A

    * Register: 
    N/A



================================================================
== Interface
================================================================
* Summary: 
+-----------+-----+-----+------------+--------------------------+--------------+
| RTL Ports | Dir | Bits|  Protocol  |       Source Object      |    C Type    |
+-----------+-----+-----+------------+--------------------------+--------------+
|clock      |  in |    1| ap_ctrl_hs | Detecteur1::Detecteur1.1 | return value |
|reset      |  in |    1| ap_ctrl_hs | Detecteur1::Detecteur1.1 | return value |
|e_dout     |  in |    8|   ap_fifo  |             e            |    pointer   |
|e_empty_n  |  in |    1|   ap_fifo  |             e            |    pointer   |
|e_read     | out |    1|   ap_fifo  |             e            |    pointer   |
|s_din      | out |    8|   ap_fifo  |             s            |    pointer   |
|s_full_n   |  in |    1|   ap_fifo  |             s            |    pointer   |
|s_write    | out |    1|   ap_fifo  |             s            |    pointer   |
+-----------+-----+-----+------------+--------------------------+--------------+

