

================================================================
== Vivado HLS Report for 'DownSampling_do_gen'
================================================================
* Date:           Thu Mar 25 13:03:02 2021

* Version:        2020.1 (Build 2897737 on Wed May 27 20:21:37 MDT 2020)
* Project:        HLS_RECEIVER_FLOAT
* Solution:       solution1
* Product family: artix7
* Target device:  xc7a100t-csg324-1


================================================================
== Performance Estimates
================================================================
+ Timing: 
    * Summary: 
    +--------+----------+----------+------------+
    |  Clock |  Target  | Estimated| Uncertainty|
    +--------+----------+----------+------------+
    |ap_clk  | 10.00 ns | 6.023 ns |   1.25 ns  |
    +--------+----------+----------+------------+

+ Latency: 
    * Summary: 
    +---------+---------+-----------+-----------+-----+-----+---------+
    |  Latency (cycles) |   Latency (absolute)  |  Interval | Pipeline|
    |   min   |   max   |    min    |    max    | min | max |   Type  |
    +---------+---------+-----------+-----------+-----+-----+---------+
    |        4|        4| 40.000 ns | 40.000 ns |    4|    4|   none  |
    +---------+---------+-----------+-----------+-----+-----+---------+

    + Detail: 
        * Instance: 
        N/A

        * Loop: 
        +----------+---------+---------+----------+-----------+-----------+------+----------+
        |          |  Latency (cycles) | Iteration|  Initiation Interval  | Trip |          |
        | Loop Name|   min   |   max   |  Latency |  achieved |   target  | Count| Pipelined|
        +----------+---------+---------+----------+-----------+-----------+------+----------+
        |- Loop 1  |        3|        3|         3|          -|          -|  inf |    no    |
        +----------+---------+---------+----------+-----------+-----------+------+----------+



================================================================
== Utilization Estimates
================================================================
* Summary: 
+-----------------+---------+-------+--------+-------+-----+
|       Name      | BRAM_18K| DSP48E|   FF   |  LUT  | URAM|
+-----------------+---------+-------+--------+-------+-----+
|DSP              |        -|      -|       -|      -|    -|
|Expression       |        -|      -|       0|     16|    -|
|FIFO             |        -|      -|       -|      -|    -|
|Instance         |        -|      -|       -|      -|    -|
|Memory           |        -|      -|       -|      -|    -|
|Multiplexer      |        -|      -|       -|     39|    -|
|Register         |        -|      -|      20|      -|    -|
+-----------------+---------+-------+--------+-------+-----+
|Total            |        0|      0|      20|     55|    0|
+-----------------+---------+-------+--------+-------+-----+
|Available        |      270|    240|  126800|  63400|    0|
+-----------------+---------+-------+--------+-------+-----+
|Utilization (%)  |        0|      0|   ~0   |   ~0  |    0|
+-----------------+---------+-------+--------+-------+-----+

+ Detail: 
    * Instance: 
    N/A

    * DSP48E: 
    N/A

    * Memory: 
    N/A

    * FIFO: 
    N/A

    * Expression: 
    +-------------------+----------+-------+---+----+------------+------------+
    |   Variable Name   | Operation| DSP48E| FF| LUT| Bitwidth P0| Bitwidth P1|
    +-------------------+----------+-------+---+----+------------+------------+
    |add_ln40_fu_76_p2  |     +    |      0|  0|  16|           9|           9|
    +-------------------+----------+-------+---+----+------------+------------+
    |Total              |          |      0|  0|  16|           9|           9|
    +-------------------+----------+-------+---+----+------------+------------+

    * Multiplexer: 
    +-----------+----+-----------+-----+-----------+
    |    Name   | LUT| Input Size| Bits| Total Bits|
    +-----------+----+-----------+-----+-----------+
    |ap_NS_fsm  |  21|          4|    1|          4|
    |e_blk_n    |   9|          2|    1|          2|
    |s_blk_n    |   9|          2|    1|          2|
    +-----------+----+-----------+-----+-----------+
    |Total      |  39|          8|    3|          8|
    +-----------+----+-----------+-----+-----------+

    * Register: 
    +-----------------+---+----+-----+-----------+
    |       Name      | FF| LUT| Bits| Const Bits|
    +-----------------+---+----+-----+-----------+
    |ap_CS_fsm        |  4|   0|    4|          0|
    |trunc_ln_reg_97  |  8|   0|    8|          0|
    |val_V_reg_92     |  8|   0|    8|          0|
    +-----------------+---+----+-----+-----------+
    |Total            | 20|   0|   20|          0|
    +-----------------+---+----+-----+-----------+



================================================================
== Interface
================================================================
* Summary: 
+-----------+-----+-----+------------+----------------------+--------------+
| RTL Ports | Dir | Bits|  Protocol  |     Source Object    |    C Type    |
+-----------+-----+-----+------------+----------------------+--------------+
|ap_clk     |  in |    1| ap_ctrl_hs | DownSampling::do_gen | return value |
|ap_rst     |  in |    1| ap_ctrl_hs | DownSampling::do_gen | return value |
|e_dout     |  in |    8|   ap_fifo  |           e          |    pointer   |
|e_empty_n  |  in |    1|   ap_fifo  |           e          |    pointer   |
|e_read     | out |    1|   ap_fifo  |           e          |    pointer   |
|s_din      | out |    8|   ap_fifo  |           s          |    pointer   |
|s_full_n   |  in |    1|   ap_fifo  |           s          |    pointer   |
|s_write    | out |    1|   ap_fifo  |           s          |    pointer   |
+-----------+-----+-----+------------+----------------------+--------------+

